2013/03/01 20:12:05 [error] [php] Declaration of YumTranslationController::performAjaxValidation() should be compatible with YumController::performAjaxValidation($model, $form) (/home/cehringfeld/public_html/est/trunk/src/protected/modules/user/controllers/YumTranslationController.php:4)
Stack trace:
#0 /home/cehringfeld/public_html/est/trunk/src/framework/web/CWebApplication.php(332): createComponent()
#1 /home/cehringfeld/public_html/est/trunk/src/framework/web/CWebApplication.php(338): CWebApplication->createController()
#2 /home/cehringfeld/public_html/est/trunk/src/framework/web/CWebApplication.php(276): CWebApplication->createController()
#3 /home/cehringfeld/public_html/est/trunk/src/framework/web/CWebApplication.php(141): CWebApplication->runController()
#4 /home/cehringfeld/public_html/est/trunk/src/framework/base/CApplication.php(169): CWebApplication->processRequest()
#5 /home/cehringfeld/public_html/est/trunk/src/index.php(13): CWebApplication->run()
REQUEST_URI=/~cehringfeld/est/trunk/src/index.php?r=user/translation/admin
in /home/cehringfeld/public_html/est/trunk/src/protected/modules/user/controllers/YumTranslationController.php (4)
in /home/cehringfeld/public_html/est/trunk/src/index.php (13)
2013/03/01 20:12:20 [error] [exception.CHttpException.404] exception 'CHttpException' with message 'Konnte den Request "user/role/" nicht auflösen.' in /home/cehringfeld/public_html/est/trunk/src/framework/web/CWebApplication.php:286
Stack trace:
#0 /home/cehringfeld/public_html/est/trunk/src/framework/web/CWebApplication.php(141): CWebApplication->runController('user/role/')
#1 /home/cehringfeld/public_html/est/trunk/src/framework/base/CApplication.php(169): CWebApplication->processRequest()
#2 /home/cehringfeld/public_html/est/trunk/src/index.php(13): CApplication->run()
#3 {main}
REQUEST_URI=/~cehringfeld/est/trunk/src/index.php?r=user/role/
---
2013/03/01 20:14:09 [error] [exception.CHttpException.404] exception 'CHttpException' with message 'Konnte den Request "user/role/" nicht auflösen.' in /home/cehringfeld/public_html/est/trunk/src/framework/web/CWebApplication.php:286
Stack trace:
#0 /home/cehringfeld/public_html/est/trunk/src/framework/web/CWebApplication.php(141): CWebApplication->runController('user/role/')
#1 /home/cehringfeld/public_html/est/trunk/src/framework/base/CApplication.php(169): CWebApplication->processRequest()
#2 /home/cehringfeld/public_html/est/trunk/src/index.php(13): CApplication->run()
#3 {main}
REQUEST_URI=/~cehringfeld/est/trunk/src/index.php?r=user/role/
---
2013/03/01 20:14:10 [error] [exception.CHttpException.404] exception 'CHttpException' with message 'Konnte den Request "user/role/" nicht auflösen.' in /home/cehringfeld/public_html/est/trunk/src/framework/web/CWebApplication.php:286
Stack trace:
#0 /home/cehringfeld/public_html/est/trunk/src/framework/web/CWebApplication.php(141): CWebApplication->runController('user/role/')
#1 /home/cehringfeld/public_html/est/trunk/src/framework/base/CApplication.php(169): CWebApplication->processRequest()
#2 /home/cehringfeld/public_html/est/trunk/src/index.php(13): CApplication->run()
#3 {main}
REQUEST_URI=/~cehringfeld/est/trunk/src/index.php?r=user/role/
---
2013/03/01 20:14:46 [error] [exception.CHttpException.404] exception 'CHttpException' with message 'Konnte den Request "user/user_role/" nicht auflösen.' in /home/cehringfeld/public_html/est/trunk/src/framework/web/CWebApplication.php:286
Stack trace:
#0 /home/cehringfeld/public_html/est/trunk/src/framework/web/CWebApplication.php(141): CWebApplication->runController('user/user_role/')
#1 /home/cehringfeld/public_html/est/trunk/src/framework/base/CApplication.php(169): CWebApplication->processRequest()
#2 /home/cehringfeld/public_html/est/trunk/src/index.php(13): CApplication->run()
#3 {main}
REQUEST_URI=/~cehringfeld/est/trunk/src/index.php?r=user/user_role/
---
2013/03/01 20:15:03 [error] [exception.CHttpException.404] exception 'CHttpException' with message 'Das System konnte die angeforderte Action "role" nicht finden.' in /home/cehringfeld/public_html/est/trunk/src/framework/web/CController.php:483
Stack trace:
#0 /home/cehringfeld/public_html/est/trunk/src/framework/web/CController.php(270): CController->missingAction('role')
#1 /home/cehringfeld/public_html/est/trunk/src/framework/web/CWebApplication.php(282): CController->run('role')
#2 /home/cehringfeld/public_html/est/trunk/src/framework/web/CWebApplication.php(141): CWebApplication->runController('user/user/role')
#3 /home/cehringfeld/public_html/est/trunk/src/framework/base/CApplication.php(169): CWebApplication->processRequest()
#4 /home/cehringfeld/public_html/est/trunk/src/index.php(13): CApplication->run()
#5 {main}
REQUEST_URI=/~cehringfeld/est/trunk/src/index.php?r=user/user/role
---
2013/03/01 20:15:12 [error] [php] Trying to get property of non-object (/home/cehringfeld/public_html/est/trunk/src/protected/modules/profile/models/YumProfile.php:86)
Stack trace:
#0 /home/cehringfeld/public_html/est/trunk/src/framework/db/ar/CActiveRecord.php(402): model()
#1 /home/cehringfeld/public_html/est/trunk/src/protected/modules/user/models/YumActiveRecord.php(49): YumProfile->getMetaData()
#2 /home/cehringfeld/public_html/est/trunk/src/framework/db/ar/CActiveRecord.php(77): YumProfile->getMetaData()
#3 /home/cehringfeld/public_html/est/trunk/src/protected/modules/user/controllers/YumCsvController.php(45): YumProfile->__construct()
#4 /home/cehringfeld/public_html/est/trunk/src/framework/web/actions/CInlineAction.php(49): YumCsvController->actionSelect()
#5 /home/cehringfeld/public_html/est/trunk/src/framework/web/CController.php(308): CInlineAction->runWithParams()
#6 /home/cehringfeld/public_html/est/trunk/src/framework/web/filters/CFilterChain.php(133): YumCsvController->runAction()
#7 /home/cehringfeld/public_html/est/trunk/src/framework/web/filters/CFilter.php(40): CFilterChain->run()
#8 /home/cehringfeld/public_html/est/trunk/src/framework/web/CController.php(1145): CAccessControlFilter->filter()
#9 /home/cehringfeld/public_html/est/trunk/src/framework/web/filters/CInlineFilter.php(58): YumCsvController->filterAccessControl()
#10 /home/cehringfeld/public_html/est/trunk/src/framework/web/filters/CFilterChain.php(130): CInlineFilter->filter()
#11 /home/cehringfeld/public_html/est/trunk/src/framework/web/CController.php(291): CFilterChain->run()
#12 /home/cehringfeld/public_html/est/trunk/src/framework/web/CController.php(265): YumCsvController->runActionWithFilters()
#13 /home/cehringfeld/public_html/est/trunk/src/framework/web/CWebApplication.php(282): YumCsvController->run()
#14 /home/cehringfeld/public_html/est/trunk/src/framework/web/CWebApplication.php(141): CWebApplication->runController()
#15 /home/cehringfeld/public_html/est/trunk/src/framework/base/CApplication.php(169): CWebApplication->processRequest()
#16 /home/cehringfeld/public_html/est/trunk/src/index.php(13): CWebApplication->run()
REQUEST_URI=/~cehringfeld/est/trunk/src/index.php?r=user/csv/select
in /home/cehringfeld/public_html/est/trunk/src/protected/modules/profile/models/YumProfile.php (86)
in /home/cehringfeld/public_html/est/trunk/src/protected/modules/user/models/YumActiveRecord.php (49)
in /home/cehringfeld/public_html/est/trunk/src/protected/modules/user/controllers/YumCsvController.php (45)
2013/03/01 20:26:01 [error] [system.db.CDbCommand] CDbCommand::fetchAll fehlgeschlagen: SQLSTATE[42S02]: Base table or view not found: 1146 Table 'est.user' doesn't exist. Der SQL-Ausdruck war: SHOW FULL COLUMNS FROM `user`.
in /home/cehringfeld/public_html/est/trunk/src/protected/modules/user/models/YumUser.php (51)
in /home/cehringfeld/public_html/est/trunk/src/protected/modules/user/components/YumWebUser.php (12)
in /home/cehringfeld/public_html/est/trunk/src/protected/modules/user/components/YumWebUser.php (153)
2013/03/01 20:26:01 [error] [exception.CDbException] exception 'CDbException' with message 'Die Tabelle "user" für die ActiveRecord-Klasse "YumUser" kann nicht in der Datenbank gefunden werden.' in /home/cehringfeld/public_html/est/trunk/src/framework/db/ar/CActiveRecord.php:2310
Stack trace:
#0 /home/cehringfeld/public_html/est/trunk/src/framework/db/ar/CActiveRecord.php(387): CActiveRecordMetaData->__construct(Object(YumUser))
#1 /home/cehringfeld/public_html/est/trunk/src/protected/modules/user/models/YumUser.php(51): CActiveRecord::model('YumUser')
#2 /home/cehringfeld/public_html/est/trunk/src/protected/modules/user/components/YumWebUser.php(12): YumUser::model()
#3 /home/cehringfeld/public_html/est/trunk/src/protected/modules/user/components/YumWebUser.php(153): YumWebUser->data()
#4 /home/cehringfeld/public_html/est/trunk/src/protected/modules/user/UserModule.php(236): YumWebUser->isAdmin()
#5 /home/cehringfeld/public_html/est/trunk/src/framework/web/CController.php(263): UserModule->beforeControllerAction(Object(YumInstallController), Object(CInlineAction))
#6 /home/cehringfeld/public_html/est/trunk/src/framework/web/CWebApplication.php(282): CController->run('')
#7 /home/cehringfeld/public_html/est/trunk/src/framework/web/CWebApplication.php(141): CWebApplication->runController('user/install')
#8 /home/cehringfeld/public_html/est/trunk/src/framework/base/CApplication.php(169): CWebApplication->processRequest()
#9 /home/cehringfeld/public_html/est/trunk/src/index.php(13): CApplication->run()
#10 {main}
REQUEST_URI=/~cehringfeld/est/trunk/src/index.php?r=user/install
---
2013/03/01 20:26:20 [error] [system.db.CDbCommand] CDbCommand::fetchAll fehlgeschlagen: SQLSTATE[42S02]: Base table or view not found: 1146 Table 'est.user' doesn't exist. Der SQL-Ausdruck war: SHOW FULL COLUMNS FROM `user`.
in /home/cehringfeld/public_html/est/trunk/src/protected/modules/user/controllers/YumInstallController.php (439)
in /home/cehringfeld/public_html/est/trunk/src/index.php (13)
2013/03/01 20:29:26 [error] [system.db.CDbCommand] CDbCommand::execute() fehlgeschlagen: SQLSTATE[42S02]: Base table or view not found: 1146 Table 'est.YiiCache' doesn't exist. Der SQL-Ausdruck war: DELETE FROM YiiCache WHERE expire>0 AND expire<1362166166.
in /home/cehringfeld/public_html/est/trunk/src/protected/modules/user/models/Yum.php (110)
in /home/cehringfeld/public_html/est/trunk/src/protected/modules/user/controllers/YumUserController.php (98)
in /home/cehringfeld/public_html/est/trunk/src/index.php (13)
2013/03/01 20:29:26 [error] [exception.CException] exception 'CException' with message 'Please make sure that Yii uses the YumWebUser component instead of CWebUser in your config/main.php components section. Please see the installation instructions.' in /home/cehringfeld/public_html/est/trunk/src/protected/modules/user/controllers/YumUserController.php:98
Stack trace:
#0 /home/cehringfeld/public_html/est/trunk/src/framework/web/CController.php(306): YumUserController->beforeAction(Object(CInlineAction))
#1 /home/cehringfeld/public_html/est/trunk/src/framework/web/filters/CFilterChain.php(133): CController->runAction(Object(CInlineAction))
#2 /home/cehringfeld/public_html/est/trunk/src/framework/web/filters/CFilter.php(40): CFilterChain->run()
#3 /home/cehringfeld/public_html/est/trunk/src/framework/web/CController.php(1145): CFilter->filter(Object(CFilterChain))
#4 /home/cehringfeld/public_html/est/trunk/src/framework/web/filters/CInlineFilter.php(58): CController->filterAccessControl(Object(CFilterChain))
#5 /home/cehringfeld/public_html/est/trunk/src/framework/web/filters/CFilterChain.php(130): CInlineFilter->filter(Object(CFilterChain))
#6 /home/cehringfeld/public_html/est/trunk/src/framework/web/CController.php(291): CFilterChain->run()
#7 /home/cehringfeld/public_html/est/trunk/src/framework/web/CController.php(265): CController->runActionWithFilters(Object(CInlineAction), Array)
#8 /home/cehringfeld/public_html/est/trunk/src/framework/web/CWebApplication.php(282): CController->run('')
#9 /home/cehringfeld/public_html/est/trunk/src/framework/web/CWebApplication.php(141): CWebApplication->runController('user/login')
#10 /home/cehringfeld/public_html/est/trunk/src/framework/base/CApplication.php(169): CWebApplication->processRequest()
#11 /home/cehringfeld/public_html/est/trunk/src/index.php(13): CApplication->run()
#12 {main}
REQUEST_URI=/~cehringfeld/est/trunk/src/index.php?r=user/login
HTTP_REFERER=http://localhost/~cehringfeld/est/trunk/src/index.php?r=user/install/install
---
2013/03/01 20:31:02 [error] [php] Trying to get property of non-object (/home/cehringfeld/public_html/est/trunk/src/protected/modules/profile/models/YumProfile.php:86)
Stack trace:
#0 /home/cehringfeld/public_html/est/trunk/src/framework/db/ar/CActiveRecord.php(402): model()
#1 /home/cehringfeld/public_html/est/trunk/src/protected/modules/user/models/YumActiveRecord.php(49): YumProfile->getMetaData()
#2 /home/cehringfeld/public_html/est/trunk/src/framework/db/ar/CActiveRecord.php(77): YumProfile->getMetaData()
#3 /home/cehringfeld/public_html/est/trunk/src/protected/modules/user/controllers/YumCsvController.php(45): YumProfile->__construct()
#4 /home/cehringfeld/public_html/est/trunk/src/framework/web/actions/CInlineAction.php(49): YumCsvController->actionSelect()
#5 /home/cehringfeld/public_html/est/trunk/src/framework/web/CController.php(308): CInlineAction->runWithParams()
#6 /home/cehringfeld/public_html/est/trunk/src/framework/web/filters/CFilterChain.php(133): YumCsvController->runAction()
#7 /home/cehringfeld/public_html/est/trunk/src/framework/web/filters/CFilter.php(40): CFilterChain->run()
#8 /home/cehringfeld/public_html/est/trunk/src/framework/web/CController.php(1145): CAccessControlFilter->filter()
#9 /home/cehringfeld/public_html/est/trunk/src/framework/web/filters/CInlineFilter.php(58): YumCsvController->filterAccessControl()
#10 /home/cehringfeld/public_html/est/trunk/src/framework/web/filters/CFilterChain.php(130): CInlineFilter->filter()
#11 /home/cehringfeld/public_html/est/trunk/src/framework/web/CController.php(291): CFilterChain->run()
#12 /home/cehringfeld/public_html/est/trunk/src/framework/web/CController.php(265): YumCsvController->runActionWithFilters()
#13 /home/cehringfeld/public_html/est/trunk/src/framework/web/CWebApplication.php(282): YumCsvController->run()
#14 /home/cehringfeld/public_html/est/trunk/src/framework/web/CWebApplication.php(141): CWebApplication->runController()
#15 /home/cehringfeld/public_html/est/trunk/src/framework/base/CApplication.php(169): CWebApplication->processRequest()
#16 /home/cehringfeld/public_html/est/trunk/src/index.php(13): CWebApplication->run()
REQUEST_URI=/~cehringfeld/est/trunk/src/index.php?r=user/csv/select
in /home/cehringfeld/public_html/est/trunk/src/protected/modules/profile/models/YumProfile.php (86)
in /home/cehringfeld/public_html/est/trunk/src/protected/modules/user/models/YumActiveRecord.php (49)
in /home/cehringfeld/public_html/est/trunk/src/protected/modules/user/controllers/YumCsvController.php (45)
2013/03/01 20:32:28 [error] [exception.CHttpException.403] exception 'CHttpException' with message 'Sie sind nicht berechtigt, diese Aktion auszuführen.' in /home/cehringfeld/public_html/est/trunk/src/framework/web/auth/CAccessControlFilter.php:179
Stack trace:
#0 /home/cehringfeld/public_html/est/trunk/src/framework/web/auth/CAccessControlFilter.php(142): CAccessControlFilter->accessDenied(Object(YumWebUser), 'Sie sind nicht ...')
#1 /home/cehringfeld/public_html/est/trunk/src/framework/web/filters/CFilter.php(38): CAccessControlFilter->preFilter(Object(CFilterChain))
#2 /home/cehringfeld/public_html/est/trunk/src/framework/web/CController.php(1145): CFilter->filter(Object(CFilterChain))
#3 /home/cehringfeld/public_html/est/trunk/src/framework/web/filters/CInlineFilter.php(58): CController->filterAccessControl(Object(CFilterChain))
#4 /home/cehringfeld/public_html/est/trunk/src/framework/web/filters/CFilterChain.php(130): CInlineFilter->filter(Object(CFilterChain))
#5 /home/cehringfeld/public_html/est/trunk/src/framework/web/CController.php(291): CFilterChain->run()
#6 /home/cehringfeld/public_html/est/trunk/src/framework/web/CController.php(265): CController->runActionWithFilters(Object(CInlineAction), Array)
#7 /home/cehringfeld/public_html/est/trunk/src/framework/web/CWebApplication.php(282): CController->run('admin')
#8 /home/cehringfeld/public_html/est/trunk/src/framework/web/CWebApplication.php(141): CWebApplication->runController('user/user/admin')
#9 /home/cehringfeld/public_html/est/trunk/src/framework/base/CApplication.php(169): CWebApplication->processRequest()
#10 /home/cehringfeld/public_html/est/trunk/src/index.php(13): CApplication->run()
#11 {main}
REQUEST_URI=/~cehringfeld/est/trunk/src/index.php?r=user/user/admin
---
2013/03/01 20:34:46 [error] [exception.CHttpException.404] exception 'CHttpException' with message 'Konnte den Request "profile/profile/view" nicht auflösen.' in /home/cehringfeld/public_html/est/trunk/src/framework/web/CWebApplication.php:286
Stack trace:
#0 /home/cehringfeld/public_html/est/trunk/src/framework/web/CWebApplication.php(141): CWebApplication->runController('profile/profile...')
#1 /home/cehringfeld/public_html/est/trunk/src/framework/base/CApplication.php(169): CWebApplication->processRequest()
#2 /home/cehringfeld/public_html/est/trunk/src/index.php(13): CApplication->run()
#3 {main}
REQUEST_URI=/~cehringfeld/est/trunk/src/index.php?r=profile/profile/view&id=1
HTTP_REFERER=http://localhost/~cehringfeld/est/trunk/src/index.php?r=user/user/index
---
2013/03/01 20:35:03 [error] [exception.CHttpException.403] exception 'CHttpException' with message 'Benutzer kann nicht gefunden werden' in /home/cehringfeld/public_html/est/trunk/src/protected/modules/user/controllers/YumUserController.php:114
Stack trace:
#0 [internal function]: YumUserController->actionChangePassword(false)
#1 /home/cehringfeld/public_html/est/trunk/src/framework/web/actions/CAction.php(108): ReflectionMethod->invokeArgs(Object(YumUserController), Array)
#2 /home/cehringfeld/public_html/est/trunk/src/framework/web/actions/CInlineAction.php(47): CAction->runWithParamsInternal(Object(YumUserController), Object(ReflectionMethod), Array)
#3 /home/cehringfeld/public_html/est/trunk/src/framework/web/CController.php(308): CInlineAction->runWithParams(Array)
#4 /home/cehringfeld/public_html/est/trunk/src/framework/web/filters/CFilterChain.php(133): CController->runAction(Object(CInlineAction))
#5 /home/cehringfeld/public_html/est/trunk/src/framework/web/filters/CFilter.php(40): CFilterChain->run()
#6 /home/cehringfeld/public_html/est/trunk/src/framework/web/CController.php(1145): CFilter->filter(Object(CFilterChain))
#7 /home/cehringfeld/public_html/est/trunk/src/framework/web/filters/CInlineFilter.php(58): CController->filterAccessControl(Object(CFilterChain))
#8 /home/cehringfeld/public_html/est/trunk/src/framework/web/filters/CFilterChain.php(130): CInlineFilter->filter(Object(CFilterChain))
#9 /home/cehringfeld/public_html/est/trunk/src/framework/web/CController.php(291): CFilterChain->run()
#10 /home/cehringfeld/public_html/est/trunk/src/framework/web/CController.php(265): CController->runActionWithFilters(Object(CInlineAction), Array)
#11 /home/cehringfeld/public_html/est/trunk/src/framework/web/CWebApplication.php(282): CController->run('changePassword')
#12 /home/cehringfeld/public_html/est/trunk/src/framework/web/CWebApplication.php(141): CWebApplication->runController('user/user/chang...')
#13 /home/cehringfeld/public_html/est/trunk/src/framework/base/CApplication.php(169): CWebApplication->processRequest()
#14 /home/cehringfeld/public_html/est/trunk/src/index.php(13): CApplication->run()
#15 {main}
REQUEST_URI=/~cehringfeld/est/trunk/src/index.php?r=user/user/changePassword
HTTP_REFERER=http://localhost/~cehringfeld/est/trunk/src/index.php?r=user/user/index
---
2013/03/01 21:06:02 [error] [php] include(RWebUsers.php): failed to open stream: No such file or directory (/home/cehringfeld/public_html/est/trunk/src/framework/YiiBase.php:421)
Stack trace:
#0 /home/cehringfeld/public_html/est/trunk/src/framework/YiiBase.php(196): import()
#1 /home/cehringfeld/public_html/est/trunk/src/framework/base/CModule.php(386): createComponent()
#2 /home/cehringfeld/public_html/est/trunk/src/framework/base/CModule.php(103): CWebApplication->getComponent()
#3 /home/cehringfeld/public_html/est/trunk/src/protected/views/layouts/main.php(68): CWebApplication->__get()
#4 /home/cehringfeld/public_html/est/trunk/src/framework/web/CBaseController.php(126): require()
#5 /home/cehringfeld/public_html/est/trunk/src/framework/web/CBaseController.php(95): SiteController->renderInternal()
#6 /home/cehringfeld/public_html/est/trunk/src/framework/web/widgets/CContentDecorator.php(76): SiteController->renderFile()
#7 /home/cehringfeld/public_html/est/trunk/src/framework/web/widgets/CContentDecorator.php(54): CContentDecorator->decorate()
#8 /home/cehringfeld/public_html/est/trunk/src/framework/web/widgets/COutputProcessor.php(44): CContentDecorator->processOutput()
#9 /home/cehringfeld/public_html/est/trunk/src/framework/web/CBaseController.php(206): CContentDecorator->run()
#10 /home/cehringfeld/public_html/est/trunk/src/framework/web/CBaseController.php(300): SiteController->endWidget()
#11 /home/cehringfeld/public_html/est/trunk/src/protected/views/layouts/column1.php(6): SiteController->endContent()
#12 /home/cehringfeld/public_html/est/trunk/src/framework/web/CBaseController.php(126): require()
#13 /home/cehringfeld/public_html/est/trunk/src/framework/web/CBaseController.php(95): SiteController->renderInternal()
#14 /home/cehringfeld/public_html/est/trunk/src/framework/web/CController.php(784): SiteController->renderFile()
#15 /home/cehringfeld/public_html/est/trunk/src/framework/web/actions/CViewAction.php(140): SiteController->render()
#16 /home/cehringfeld/public_html/est/trunk/src/framework/web/actions/CAction.php(76): CViewAction->run()
#17 /home/cehringfeld/public_html/est/trunk/src/framework/web/CController.php(308): CViewAction->runWithParams()
#18 /home/cehringfeld/public_html/est/trunk/src/framework/web/CController.php(286): SiteController->runAction()
#19 /home/cehringfeld/public_html/est/trunk/src/framework/web/CController.php(265): SiteController->runActionWithFilters()
#20 /home/cehringfeld/public_html/est/trunk/src/framework/web/CWebApplication.php(282): SiteController->run()
#21 /home/cehringfeld/public_html/est/trunk/src/framework/web/CWebApplication.php(141): CWebApplication->runController()
#22 /home/cehringfeld/public_html/est/trunk/src/framework/base/CApplication.php(169): CWebApplication->processRequest()
#23 /home/cehringfeld/public_html/est/trunk/src/index.php(13): CWebApplication->run()
REQUEST_URI=/~cehringfeld/est/trunk/src/index.php?r=site/page&view=impressum
in /home/cehringfeld/public_html/est/trunk/src/protected/views/layouts/main.php (68)
in /home/cehringfeld/public_html/est/trunk/src/protected/views/layouts/column1.php (6)
in /home/cehringfeld/public_html/est/trunk/src/index.php (13)
2013/03/01 21:07:47 [error] [system.db.CDbCommand] CDbCommand::fetchAll fehlgeschlagen: SQLSTATE[42S02]: Base table or view not found: 1146 Table 'est.AuthAssignment' doesn't exist. Der SQL-Ausdruck war: SELECT *
FROM `AuthAssignment`
WHERE userid=:userid.
in /home/cehringfeld/public_html/est/trunk/src/protected/modules/rights/components/RAuthorizer.php (341)
in /home/cehringfeld/public_html/est/trunk/src/protected/modules/rights/components/RWebUser.php (21)
in /home/cehringfeld/public_html/est/trunk/src/protected/models/LoginForm.php (71)
2013/03/01 21:07:47 [error] [exception.CDbException] exception 'CDbException' with message 'CDbCommand konnte das SQL-Statement nicht ausführen: SQLSTATE[42S02]: Base table or view not found: 1146 Table 'est.AuthAssignment' doesn't exist. The SQL statement executed was: SELECT *
FROM `AuthAssignment`
WHERE userid=:userid' in /home/cehringfeld/public_html/est/trunk/src/framework/db/CDbCommand.php:541
Stack trace:
#0 /home/cehringfeld/public_html/est/trunk/src/framework/db/CDbCommand.php(395): CDbCommand->queryInternal('fetchAll', Array, Array)
#1 /home/cehringfeld/public_html/est/trunk/src/framework/web/auth/CDbAuthManager.php(337): CDbCommand->queryAll()
#2 /home/cehringfeld/public_html/est/trunk/src/protected/modules/rights/components/RAuthorizer.php(341): CDbAuthManager->getAuthAssignments('admin')
#3 /home/cehringfeld/public_html/est/trunk/src/protected/modules/rights/components/RWebUser.php(21): RAuthorizer->isSuperuser('admin')
#4 /home/cehringfeld/public_html/est/trunk/src/framework/web/auth/CWebUser.php(238): RWebUser->afterLogin(false)
#5 /home/cehringfeld/public_html/est/trunk/src/protected/models/LoginForm.php(71): CWebUser->login(Object(UserIdentity), 0)
#6 /home/cehringfeld/public_html/est/trunk/src/protected/controllers/SiteController.php(94): LoginForm->login()
#7 /home/cehringfeld/public_html/est/trunk/src/framework/web/actions/CInlineAction.php(49): SiteController->actionLogin()
#8 /home/cehringfeld/public_html/est/trunk/src/framework/web/CController.php(308): CInlineAction->runWithParams(Array)
#9 /home/cehringfeld/public_html/est/trunk/src/framework/web/CController.php(286): CController->runAction(Object(CInlineAction))
#10 /home/cehringfeld/public_html/est/trunk/src/framework/web/CController.php(265): CController->runActionWithFilters(Object(CInlineAction), Array)
#11 /home/cehringfeld/public_html/est/trunk/src/framework/web/CWebApplication.php(282): CController->run('login')
#12 /home/cehringfeld/public_html/est/trunk/src/framework/web/CWebApplication.php(141): CWebApplication->runController('site/login')
#13 /home/cehringfeld/public_html/est/trunk/src/framework/base/CApplication.php(169): CWebApplication->processRequest()
#14 /home/cehringfeld/public_html/est/trunk/src/index.php(13): CApplication->run()
#15 {main}
REQUEST_URI=/~cehringfeld/est/trunk/src/index.php?r=site/login
HTTP_REFERER=http://localhost/~cehringfeld/est/trunk/src/index.php?r=site/login
---
2013/03/01 21:09:15 [error] [system.db.CDbCommand] CDbCommand::fetchColumn fehlgeschlagen: SQLSTATE[42S02]: Base table or view not found: 1146 Table 'est.AuthItem' doesn't exist. Der SQL-Ausdruck war: SELECT COUNT(*) FROM AuthItem.
in /home/cehringfeld/public_html/est/trunk/src/protected/modules/rights/components/RInstaller.php (180)
in /home/cehringfeld/public_html/est/trunk/src/protected/modules/rights/controllers/InstallController.php (43)
in /home/cehringfeld/public_html/est/trunk/src/index.php (13)
2013/03/01 21:09:15 [error] [php] include(User.php): failed to open stream: No such file or directory (/home/cehringfeld/public_html/est/trunk/src/framework/YiiBase.php:421)
Stack trace:
#0 /home/cehringfeld/public_html/est/trunk/src/framework/db/ar/CActiveRecord.php(386): spl_autoload_call()
#1 /home/cehringfeld/public_html/est/trunk/src/protected/modules/rights/components/RAuthorizer.php(295): model()
#2 /home/cehringfeld/public_html/est/trunk/src/protected/modules/rights/controllers/InstallController.php(61): RAuthorizer->getSuperusers()
#3 /home/cehringfeld/public_html/est/trunk/src/framework/web/CController.php(1144): InstallController->accessRules()
#4 /home/cehringfeld/public_html/est/trunk/src/framework/web/filters/CInlineFilter.php(58): InstallController->filterAccessControl()
#5 /home/cehringfeld/public_html/est/trunk/src/framework/web/filters/CFilterChain.php(130): CInlineFilter->filter()
#6 /home/cehringfeld/public_html/est/trunk/src/framework/web/CController.php(291): CFilterChain->run()
#7 /home/cehringfeld/public_html/est/trunk/src/framework/web/CController.php(265): InstallController->runActionWithFilters()
#8 /home/cehringfeld/public_html/est/trunk/src/framework/web/CWebApplication.php(282): InstallController->run()
#9 /home/cehringfeld/public_html/est/trunk/src/framework/web/CWebApplication.php(141): CWebApplication->runController()
#10 /home/cehringfeld/public_html/est/trunk/src/framework/base/CApplication.php(169): CWebApplication->processRequest()
#11 /home/cehringfeld/public_html/est/trunk/src/index.php(13): CWebApplication->run()
REQUEST_URI=/~cehringfeld/est/trunk/src/index.php?r=rights/install/ready
in /home/cehringfeld/public_html/est/trunk/src/protected/modules/rights/components/RAuthorizer.php (295)
in /home/cehringfeld/public_html/est/trunk/src/protected/modules/rights/controllers/InstallController.php (61)
in /home/cehringfeld/public_html/est/trunk/src/index.php (13)
2013/03/01 21:10:25 [error] [php] include(User.php): failed to open stream: No such file or directory (/home/cehringfeld/public_html/est/trunk/src/framework/YiiBase.php:421)
Stack trace:
#0 /home/cehringfeld/public_html/est/trunk/src/framework/db/ar/CActiveRecord.php(386): spl_autoload_call()
#1 /home/cehringfeld/public_html/est/trunk/src/protected/modules/rights/components/RAuthorizer.php(295): model()
#2 /home/cehringfeld/public_html/est/trunk/src/protected/modules/rights/controllers/InstallController.php(61): RAuthorizer->getSuperusers()
#3 /home/cehringfeld/public_html/est/trunk/src/framework/web/CController.php(1144): InstallController->accessRules()
#4 /home/cehringfeld/public_html/est/trunk/src/framework/web/filters/CInlineFilter.php(58): InstallController->filterAccessControl()
#5 /home/cehringfeld/public_html/est/trunk/src/framework/web/filters/CFilterChain.php(130): CInlineFilter->filter()
#6 /home/cehringfeld/public_html/est/trunk/src/framework/web/CController.php(291): CFilterChain->run()
#7 /home/cehringfeld/public_html/est/trunk/src/framework/web/CController.php(265): InstallController->runActionWithFilters()
#8 /home/cehringfeld/public_html/est/trunk/src/framework/web/CWebApplication.php(282): InstallController->run()
#9 /home/cehringfeld/public_html/est/trunk/src/framework/web/CWebApplication.php(141): CWebApplication->runController()
#10 /home/cehringfeld/public_html/est/trunk/src/framework/base/CApplication.php(169): CWebApplication->processRequest()
#11 /home/cehringfeld/public_html/est/trunk/src/index.php(13): CWebApplication->run()
REQUEST_URI=/~cehringfeld/est/trunk/src/index.php?r=rights/install/ready
in /home/cehringfeld/public_html/est/trunk/src/protected/modules/rights/components/RAuthorizer.php (295)
in /home/cehringfeld/public_html/est/trunk/src/protected/modules/rights/controllers/InstallController.php (61)
in /home/cehringfeld/public_html/est/trunk/src/index.php (13)
2013/03/01 21:10:25 [error] [php] include(User.php): failed to open stream: No such file or directory (/home/cehringfeld/public_html/est/trunk/src/framework/YiiBase.php:421)
Stack trace:
#0 /home/cehringfeld/public_html/est/trunk/src/framework/db/ar/CActiveRecord.php(386): spl_autoload_call()
#1 /home/cehringfeld/public_html/est/trunk/src/protected/modules/rights/components/RAuthorizer.php(295): model()
#2 /home/cehringfeld/public_html/est/trunk/src/protected/modules/rights/controllers/InstallController.php(61): RAuthorizer->getSuperusers()
#3 /home/cehringfeld/public_html/est/trunk/src/framework/web/CController.php(1144): InstallController->accessRules()
#4 /home/cehringfeld/public_html/est/trunk/src/framework/web/filters/CInlineFilter.php(58): InstallController->filterAccessControl()
#5 /home/cehringfeld/public_html/est/trunk/src/framework/web/filters/CFilterChain.php(130): CInlineFilter->filter()
#6 /home/cehringfeld/public_html/est/trunk/src/framework/web/CController.php(291): CFilterChain->run()
#7 /home/cehringfeld/public_html/est/trunk/src/framework/web/CController.php(265): InstallController->runActionWithFilters()
#8 /home/cehringfeld/public_html/est/trunk/src/framework/web/CWebApplication.php(282): InstallController->run()
#9 /home/cehringfeld/public_html/est/trunk/src/framework/web/CWebApplication.php(141): CWebApplication->runController()
#10 /home/cehringfeld/public_html/est/trunk/src/framework/base/CApplication.php(169): CWebApplication->processRequest()
#11 /home/cehringfeld/public_html/est/trunk/src/index.php(13): CWebApplication->run()
REQUEST_URI=/~cehringfeld/est/trunk/src/index.php?r=rights/install/ready
in /home/cehringfeld/public_html/est/trunk/src/protected/modules/rights/components/RAuthorizer.php (295)
in /home/cehringfeld/public_html/est/trunk/src/protected/modules/rights/controllers/InstallController.php (61)
in /home/cehringfeld/public_html/est/trunk/src/index.php (13)
2013/03/01 21:10:25 [error] [php] include(User.php): failed to open stream: No such file or directory (/home/cehringfeld/public_html/est/trunk/src/framework/YiiBase.php:421)
Stack trace:
#0 /home/cehringfeld/public_html/est/trunk/src/framework/db/ar/CActiveRecord.php(386): spl_autoload_call()
#1 /home/cehringfeld/public_html/est/trunk/src/protected/modules/rights/components/RAuthorizer.php(295): model()
#2 /home/cehringfeld/public_html/est/trunk/src/protected/modules/rights/controllers/InstallController.php(61): RAuthorizer->getSuperusers()
#3 /home/cehringfeld/public_html/est/trunk/src/framework/web/CController.php(1144): InstallController->accessRules()
#4 /home/cehringfeld/public_html/est/trunk/src/framework/web/filters/CInlineFilter.php(58): InstallController->filterAccessControl()
#5 /home/cehringfeld/public_html/est/trunk/src/framework/web/filters/CFilterChain.php(130): CInlineFilter->filter()
#6 /home/cehringfeld/public_html/est/trunk/src/framework/web/CController.php(291): CFilterChain->run()
#7 /home/cehringfeld/public_html/est/trunk/src/framework/web/CController.php(265): InstallController->runActionWithFilters()
#8 /home/cehringfeld/public_html/est/trunk/src/framework/web/CWebApplication.php(282): InstallController->run()
#9 /home/cehringfeld/public_html/est/trunk/src/framework/web/CWebApplication.php(141): CWebApplication->runController()
#10 /home/cehringfeld/public_html/est/trunk/src/framework/base/CApplication.php(169): CWebApplication->processRequest()
#11 /home/cehringfeld/public_html/est/trunk/src/index.php(13): CWebApplication->run()
REQUEST_URI=/~cehringfeld/est/trunk/src/index.php?r=rights/install/ready
in /home/cehringfeld/public_html/est/trunk/src/protected/modules/rights/components/RAuthorizer.php (295)
in /home/cehringfeld/public_html/est/trunk/src/protected/modules/rights/controllers/InstallController.php (61)
in /home/cehringfeld/public_html/est/trunk/src/index.php (13)
2013/03/01 21:10:25 [error] [php] include(User.php): failed to open stream: No such file or directory (/home/cehringfeld/public_html/est/trunk/src/framework/YiiBase.php:421)
Stack trace:
#0 /home/cehringfeld/public_html/est/trunk/src/framework/db/ar/CActiveRecord.php(386): spl_autoload_call()
#1 /home/cehringfeld/public_html/est/trunk/src/protected/modules/rights/components/RAuthorizer.php(295): model()
#2 /home/cehringfeld/public_html/est/trunk/src/protected/modules/rights/controllers/InstallController.php(61): RAuthorizer->getSuperusers()
#3 /home/cehringfeld/public_html/est/trunk/src/framework/web/CController.php(1144): InstallController->accessRules()
#4 /home/cehringfeld/public_html/est/trunk/src/framework/web/filters/CInlineFilter.php(58): InstallController->filterAccessControl()
#5 /home/cehringfeld/public_html/est/trunk/src/framework/web/filters/CFilterChain.php(130): CInlineFilter->filter()
#6 /home/cehringfeld/public_html/est/trunk/src/framework/web/CController.php(291): CFilterChain->run()
#7 /home/cehringfeld/public_html/est/trunk/src/framework/web/CController.php(265): InstallController->runActionWithFilters()
#8 /home/cehringfeld/public_html/est/trunk/src/framework/web/CWebApplication.php(282): InstallController->run()
#9 /home/cehringfeld/public_html/est/trunk/src/framework/web/CWebApplication.php(141): CWebApplication->runController()
#10 /home/cehringfeld/public_html/est/trunk/src/framework/base/CApplication.php(169): CWebApplication->processRequest()
#11 /home/cehringfeld/public_html/est/trunk/src/index.php(13): CWebApplication->run()
REQUEST_URI=/~cehringfeld/est/trunk/src/index.php?r=rights/install/ready
in /home/cehringfeld/public_html/est/trunk/src/protected/modules/rights/components/RAuthorizer.php (295)
in /home/cehringfeld/public_html/est/trunk/src/protected/modules/rights/controllers/InstallController.php (61)
in /home/cehringfeld/public_html/est/trunk/src/index.php (13)
2013/03/01 21:10:39 [error] [php] include(User.php): failed to open stream: No such file or directory (/home/cehringfeld/public_html/est/trunk/src/framework/YiiBase.php:421)
Stack trace:
#0 /home/cehringfeld/public_html/est/trunk/src/framework/db/ar/CActiveRecord.php(386): spl_autoload_call()
#1 /home/cehringfeld/public_html/est/trunk/src/protected/modules/rights/components/RAuthorizer.php(295): model()
#2 /home/cehringfeld/public_html/est/trunk/src/protected/modules/rights/controllers/InstallController.php(61): RAuthorizer->getSuperusers()
#3 /home/cehringfeld/public_html/est/trunk/src/framework/web/CController.php(1144): InstallController->accessRules()
#4 /home/cehringfeld/public_html/est/trunk/src/framework/web/filters/CInlineFilter.php(58): InstallController->filterAccessControl()
#5 /home/cehringfeld/public_html/est/trunk/src/framework/web/filters/CFilterChain.php(130): CInlineFilter->filter()
#6 /home/cehringfeld/public_html/est/trunk/src/framework/web/CController.php(291): CFilterChain->run()
#7 /home/cehringfeld/public_html/est/trunk/src/framework/web/CController.php(265): InstallController->runActionWithFilters()
#8 /home/cehringfeld/public_html/est/trunk/src/framework/web/CWebApplication.php(282): InstallController->run()
#9 /home/cehringfeld/public_html/est/trunk/src/framework/web/CWebApplication.php(141): CWebApplication->runController()
#10 /home/cehringfeld/public_html/est/trunk/src/framework/base/CApplication.php(169): CWebApplication->processRequest()
#11 /home/cehringfeld/public_html/est/trunk/src/index.php(13): CWebApplication->run()
REQUEST_URI=/~cehringfeld/est/trunk/src/index.php?r=rights/install/
in /home/cehringfeld/public_html/est/trunk/src/protected/modules/rights/components/RAuthorizer.php (295)
in /home/cehringfeld/public_html/est/trunk/src/protected/modules/rights/controllers/InstallController.php (61)
in /home/cehringfeld/public_html/est/trunk/src/index.php (13)
2013/03/01 21:10:42 [error] [php] include(User.php): failed to open stream: No such file or directory (/home/cehringfeld/public_html/est/trunk/src/framework/YiiBase.php:421)
Stack trace:
#0 /home/cehringfeld/public_html/est/trunk/src/framework/db/ar/CActiveRecord.php(386): spl_autoload_call()
#1 /home/cehringfeld/public_html/est/trunk/src/protected/modules/rights/components/RAuthorizer.php(295): model()
#2 /home/cehringfeld/public_html/est/trunk/src/protected/modules/rights/controllers/InstallController.php(61): RAuthorizer->getSuperusers()
#3 /home/cehringfeld/public_html/est/trunk/src/framework/web/CController.php(1144): InstallController->accessRules()
#4 /home/cehringfeld/public_html/est/trunk/src/framework/web/filters/CInlineFilter.php(58): InstallController->filterAccessControl()
#5 /home/cehringfeld/public_html/est/trunk/src/framework/web/filters/CFilterChain.php(130): CInlineFilter->filter()
#6 /home/cehringfeld/public_html/est/trunk/src/framework/web/CController.php(291): CFilterChain->run()
#7 /home/cehringfeld/public_html/est/trunk/src/framework/web/CController.php(265): InstallController->runActionWithFilters()
#8 /home/cehringfeld/public_html/est/trunk/src/framework/web/CWebApplication.php(282): InstallController->run()
#9 /home/cehringfeld/public_html/est/trunk/src/framework/web/CWebApplication.php(141): CWebApplication->runController()
#10 /home/cehringfeld/public_html/est/trunk/src/framework/base/CApplication.php(169): CWebApplication->processRequest()
#11 /home/cehringfeld/public_html/est/trunk/src/index.php(13): CWebApplication->run()
REQUEST_URI=/~cehringfeld/est/trunk/src/index.php?r=rights/install
in /home/cehringfeld/public_html/est/trunk/src/protected/modules/rights/components/RAuthorizer.php (295)
in /home/cehringfeld/public_html/est/trunk/src/protected/modules/rights/controllers/InstallController.php (61)
in /home/cehringfeld/public_html/est/trunk/src/index.php (13)
2013/03/01 21:10:44 [error] [php] include(User.php): failed to open stream: No such file or directory (/home/cehringfeld/public_html/est/trunk/src/framework/YiiBase.php:421)
Stack trace:
#0 /home/cehringfeld/public_html/est/trunk/src/framework/db/ar/CActiveRecord.php(386): spl_autoload_call()
#1 /home/cehringfeld/public_html/est/trunk/src/protected/modules/rights/components/RAuthorizer.php(295): model()
#2 /home/cehringfeld/public_html/est/trunk/src/protected/modules/rights/controllers/InstallController.php(61): RAuthorizer->getSuperusers()
#3 /home/cehringfeld/public_html/est/trunk/src/framework/web/CController.php(1144): InstallController->accessRules()
#4 /home/cehringfeld/public_html/est/trunk/src/framework/web/filters/CInlineFilter.php(58): InstallController->filterAccessControl()
#5 /home/cehringfeld/public_html/est/trunk/src/framework/web/filters/CFilterChain.php(130): CInlineFilter->filter()
#6 /home/cehringfeld/public_html/est/trunk/src/framework/web/CController.php(291): CFilterChain->run()
#7 /home/cehringfeld/public_html/est/trunk/src/framework/web/CController.php(265): InstallController->runActionWithFilters()
#8 /home/cehringfeld/public_html/est/trunk/src/framework/web/CWebApplication.php(282): InstallController->run()
#9 /home/cehringfeld/public_html/est/trunk/src/framework/web/CWebApplication.php(141): CWebApplication->runController()
#10 /home/cehringfeld/public_html/est/trunk/src/framework/base/CApplication.php(169): CWebApplication->processRequest()
#11 /home/cehringfeld/public_html/est/trunk/src/index.php(13): CWebApplication->run()
REQUEST_URI=/~cehringfeld/est/trunk/src/index.php?r=rights/
in /home/cehringfeld/public_html/est/trunk/src/protected/modules/rights/components/RAuthorizer.php (295)
in /home/cehringfeld/public_html/est/trunk/src/protected/modules/rights/controllers/InstallController.php (61)
in /home/cehringfeld/public_html/est/trunk/src/index.php (13)
2013/03/01 21:10:45 [error] [php] include(User.php): failed to open stream: No such file or directory (/home/cehringfeld/public_html/est/trunk/src/framework/YiiBase.php:421)
Stack trace:
#0 /home/cehringfeld/public_html/est/trunk/src/framework/db/ar/CActiveRecord.php(386): spl_autoload_call()
#1 /home/cehringfeld/public_html/est/trunk/src/protected/modules/rights/components/RAuthorizer.php(295): model()
#2 /home/cehringfeld/public_html/est/trunk/src/protected/modules/rights/controllers/InstallController.php(61): RAuthorizer->getSuperusers()
#3 /home/cehringfeld/public_html/est/trunk/src/framework/web/CController.php(1144): InstallController->accessRules()
#4 /home/cehringfeld/public_html/est/trunk/src/framework/web/filters/CInlineFilter.php(58): InstallController->filterAccessControl()
#5 /home/cehringfeld/public_html/est/trunk/src/framework/web/filters/CFilterChain.php(130): CInlineFilter->filter()
#6 /home/cehringfeld/public_html/est/trunk/src/framework/web/CController.php(291): CFilterChain->run()
#7 /home/cehringfeld/public_html/est/trunk/src/framework/web/CController.php(265): InstallController->runActionWithFilters()
#8 /home/cehringfeld/public_html/est/trunk/src/framework/web/CWebApplication.php(282): InstallController->run()
#9 /home/cehringfeld/public_html/est/trunk/src/framework/web/CWebApplication.php(141): CWebApplication->runController()
#10 /home/cehringfeld/public_html/est/trunk/src/framework/base/CApplication.php(169): CWebApplication->processRequest()
#11 /home/cehringfeld/public_html/est/trunk/src/index.php(13): CWebApplication->run()
REQUEST_URI=/~cehringfeld/est/trunk/src/index.php?r=rights
in /home/cehringfeld/public_html/est/trunk/src/protected/modules/rights/components/RAuthorizer.php (295)
in /home/cehringfeld/public_html/est/trunk/src/protected/modules/rights/controllers/InstallController.php (61)
in /home/cehringfeld/public_html/est/trunk/src/index.php (13)
2013/03/01 21:12:30 [error] [php] include(User.php): failed to open stream: No such file or directory (/home/cehringfeld/public_html/est/trunk/src/framework/YiiBase.php:421)
Stack trace:
#0 /home/cehringfeld/public_html/est/trunk/src/framework/db/ar/CActiveRecord.php(386): spl_autoload_call()
#1 /home/cehringfeld/public_html/est/trunk/src/protected/modules/rights/components/RAuthorizer.php(295): model()
#2 /home/cehringfeld/public_html/est/trunk/src/protected/modules/rights/controllers/InstallController.php(61): RAuthorizer->getSuperusers()
#3 /home/cehringfeld/public_html/est/trunk/src/framework/web/CController.php(1144): InstallController->accessRules()
#4 /home/cehringfeld/public_html/est/trunk/src/framework/web/filters/CInlineFilter.php(58): InstallController->filterAccessControl()
#5 /home/cehringfeld/public_html/est/trunk/src/framework/web/filters/CFilterChain.php(130): CInlineFilter->filter()
#6 /home/cehringfeld/public_html/est/trunk/src/framework/web/CController.php(291): CFilterChain->run()
#7 /home/cehringfeld/public_html/est/trunk/src/framework/web/CController.php(265): InstallController->runActionWithFilters()
#8 /home/cehringfeld/public_html/est/trunk/src/framework/web/CWebApplication.php(282): InstallController->run()
#9 /home/cehringfeld/public_html/est/trunk/src/framework/web/CWebApplication.php(141): CWebApplication->runController()
#10 /home/cehringfeld/public_html/est/trunk/src/framework/base/CApplication.php(169): CWebApplication->processRequest()
#11 /home/cehringfeld/public_html/est/trunk/src/index.php(13): CWebApplication->run()
REQUEST_URI=/~cehringfeld/est/trunk/src/index.php?r=rights
in /home/cehringfeld/public_html/est/trunk/src/protected/modules/rights/components/RAuthorizer.php (295)
in /home/cehringfeld/public_html/est/trunk/src/protected/modules/rights/controllers/InstallController.php (61)
in /home/cehringfeld/public_html/est/trunk/src/index.php (13)
2013/03/01 21:12:30 [error] [php] include(User.php): failed to open stream: No such file or directory (/home/cehringfeld/public_html/est/trunk/src/framework/YiiBase.php:421)
Stack trace:
#0 /home/cehringfeld/public_html/est/trunk/src/framework/db/ar/CActiveRecord.php(386): spl_autoload_call()
#1 /home/cehringfeld/public_html/est/trunk/src/protected/modules/rights/components/RAuthorizer.php(295): model()
#2 /home/cehringfeld/public_html/est/trunk/src/protected/modules/rights/controllers/InstallController.php(61): RAuthorizer->getSuperusers()
#3 /home/cehringfeld/public_html/est/trunk/src/framework/web/CController.php(1144): InstallController->accessRules()
#4 /home/cehringfeld/public_html/est/trunk/src/framework/web/filters/CInlineFilter.php(58): InstallController->filterAccessControl()
#5 /home/cehringfeld/public_html/est/trunk/src/framework/web/filters/CFilterChain.php(130): CInlineFilter->filter()
#6 /home/cehringfeld/public_html/est/trunk/src/framework/web/CController.php(291): CFilterChain->run()
#7 /home/cehringfeld/public_html/est/trunk/src/framework/web/CController.php(265): InstallController->runActionWithFilters()
#8 /home/cehringfeld/public_html/est/trunk/src/framework/web/CWebApplication.php(282): InstallController->run()
#9 /home/cehringfeld/public_html/est/trunk/src/framework/web/CWebApplication.php(141): CWebApplication->runController()
#10 /home/cehringfeld/public_html/est/trunk/src/framework/base/CApplication.php(169): CWebApplication->processRequest()
#11 /home/cehringfeld/public_html/est/trunk/src/index.php(13): CWebApplication->run()
REQUEST_URI=/~cehringfeld/est/trunk/src/index.php?r=rights
in /home/cehringfeld/public_html/est/trunk/src/protected/modules/rights/components/RAuthorizer.php (295)
in /home/cehringfeld/public_html/est/trunk/src/protected/modules/rights/controllers/InstallController.php (61)
in /home/cehringfeld/public_html/est/trunk/src/index.php (13)
2013/03/01 21:12:31 [error] [php] include(User.php): failed to open stream: No such file or directory (/home/cehringfeld/public_html/est/trunk/src/framework/YiiBase.php:421)
Stack trace:
#0 /home/cehringfeld/public_html/est/trunk/src/framework/db/ar/CActiveRecord.php(386): spl_autoload_call()
#1 /home/cehringfeld/public_html/est/trunk/src/protected/modules/rights/components/RAuthorizer.php(295): model()
#2 /home/cehringfeld/public_html/est/trunk/src/protected/modules/rights/controllers/InstallController.php(61): RAuthorizer->getSuperusers()
#3 /home/cehringfeld/public_html/est/trunk/src/framework/web/CController.php(1144): InstallController->accessRules()
#4 /home/cehringfeld/public_html/est/trunk/src/framework/web/filters/CInlineFilter.php(58): InstallController->filterAccessControl()
#5 /home/cehringfeld/public_html/est/trunk/src/framework/web/filters/CFilterChain.php(130): CInlineFilter->filter()
#6 /home/cehringfeld/public_html/est/trunk/src/framework/web/CController.php(291): CFilterChain->run()
#7 /home/cehringfeld/public_html/est/trunk/src/framework/web/CController.php(265): InstallController->runActionWithFilters()
#8 /home/cehringfeld/public_html/est/trunk/src/framework/web/CWebApplication.php(282): InstallController->run()
#9 /home/cehringfeld/public_html/est/trunk/src/framework/web/CWebApplication.php(141): CWebApplication->runController()
#10 /home/cehringfeld/public_html/est/trunk/src/framework/base/CApplication.php(169): CWebApplication->processRequest()
#11 /home/cehringfeld/public_html/est/trunk/src/index.php(13): CWebApplication->run()
REQUEST_URI=/~cehringfeld/est/trunk/src/index.php?r=rights
in /home/cehringfeld/public_html/est/trunk/src/protected/modules/rights/components/RAuthorizer.php (295)
in /home/cehringfeld/public_html/est/trunk/src/protected/modules/rights/controllers/InstallController.php (61)
in /home/cehringfeld/public_html/est/trunk/src/index.php (13)
2013/03/01 21:12:31 [error] [php] include(User.php): failed to open stream: No such file or directory (/home/cehringfeld/public_html/est/trunk/src/framework/YiiBase.php:421)
Stack trace:
#0 /home/cehringfeld/public_html/est/trunk/src/framework/db/ar/CActiveRecord.php(386): spl_autoload_call()
#1 /home/cehringfeld/public_html/est/trunk/src/protected/modules/rights/components/RAuthorizer.php(295): model()
#2 /home/cehringfeld/public_html/est/trunk/src/protected/modules/rights/controllers/InstallController.php(61): RAuthorizer->getSuperusers()
#3 /home/cehringfeld/public_html/est/trunk/src/framework/web/CController.php(1144): InstallController->accessRules()
#4 /home/cehringfeld/public_html/est/trunk/src/framework/web/filters/CInlineFilter.php(58): InstallController->filterAccessControl()
#5 /home/cehringfeld/public_html/est/trunk/src/framework/web/filters/CFilterChain.php(130): CInlineFilter->filter()
#6 /home/cehringfeld/public_html/est/trunk/src/framework/web/CController.php(291): CFilterChain->run()
#7 /home/cehringfeld/public_html/est/trunk/src/framework/web/CController.php(265): InstallController->runActionWithFilters()
#8 /home/cehringfeld/public_html/est/trunk/src/framework/web/CWebApplication.php(282): InstallController->run()
#9 /home/cehringfeld/public_html/est/trunk/src/framework/web/CWebApplication.php(141): CWebApplication->runController()
#10 /home/cehringfeld/public_html/est/trunk/src/framework/base/CApplication.php(169): CWebApplication->processRequest()
#11 /home/cehringfeld/public_html/est/trunk/src/index.php(13): CWebApplication->run()
REQUEST_URI=/~cehringfeld/est/trunk/src/index.php?r=rights
in /home/cehringfeld/public_html/est/trunk/src/protected/modules/rights/components/RAuthorizer.php (295)
in /home/cehringfeld/public_html/est/trunk/src/protected/modules/rights/controllers/InstallController.php (61)
in /home/cehringfeld/public_html/est/trunk/src/index.php (13)
2013/03/01 21:12:46 [error] [exception.CException] exception 'CException' with message 'Application web user must extend the RWebUser class.' in /home/cehringfeld/public_html/est/trunk/src/protected/modules/rights/components/RInstaller.php:63
Stack trace:
#0 /home/cehringfeld/public_html/est/trunk/src/framework/base/CModule.php(387): RInstaller->init()
#1 /home/cehringfeld/public_html/est/trunk/src/protected/modules/rights/RightsModule.php(200): CModule->getComponent('installer')
#2 /home/cehringfeld/public_html/est/trunk/src/protected/modules/rights/controllers/InstallController.php(29): RightsModule->getInstaller()
#3 /home/cehringfeld/public_html/est/trunk/src/framework/web/CWebApplication.php(281): InstallController->init()
#4 /home/cehringfeld/public_html/est/trunk/src/framework/web/CWebApplication.php(141): CWebApplication->runController('rights')
#5 /home/cehringfeld/public_html/est/trunk/src/framework/base/CApplication.php(169): CWebApplication->processRequest()
#6 /home/cehringfeld/public_html/est/trunk/src/index.php(13): CApplication->run()
#7 {main}
REQUEST_URI=/~cehringfeld/est/trunk/src/index.php?r=rights
---
2013/03/01 21:13:50 [error] [php] include(User.php): failed to open stream: No such file or directory (/home/cehringfeld/public_html/est/trunk/src/framework/YiiBase.php:421)
Stack trace:
#0 /home/cehringfeld/public_html/est/trunk/src/framework/db/ar/CActiveRecord.php(386): spl_autoload_call()
#1 /home/cehringfeld/public_html/est/trunk/src/protected/modules/rights/components/RAuthorizer.php(295): model()
#2 /home/cehringfeld/public_html/est/trunk/src/protected/modules/rights/controllers/InstallController.php(61): RAuthorizer->getSuperusers()
#3 /home/cehringfeld/public_html/est/trunk/src/framework/web/CController.php(1144): InstallController->accessRules()
#4 /home/cehringfeld/public_html/est/trunk/src/framework/web/filters/CInlineFilter.php(58): InstallController->filterAccessControl()
#5 /home/cehringfeld/public_html/est/trunk/src/framework/web/filters/CFilterChain.php(130): CInlineFilter->filter()
#6 /home/cehringfeld/public_html/est/trunk/src/framework/web/CController.php(291): CFilterChain->run()
#7 /home/cehringfeld/public_html/est/trunk/src/framework/web/CController.php(265): InstallController->runActionWithFilters()
#8 /home/cehringfeld/public_html/est/trunk/src/framework/web/CWebApplication.php(282): InstallController->run()
#9 /home/cehringfeld/public_html/est/trunk/src/framework/web/CWebApplication.php(141): CWebApplication->runController()
#10 /home/cehringfeld/public_html/est/trunk/src/framework/base/CApplication.php(169): CWebApplication->processRequest()
#11 /home/cehringfeld/public_html/est/trunk/src/index.php(13): CWebApplication->run()
REQUEST_URI=/~cehringfeld/est/trunk/src/index.php?r=rights
in /home/cehringfeld/public_html/est/trunk/src/protected/modules/rights/components/RAuthorizer.php (295)
in /home/cehringfeld/public_html/est/trunk/src/protected/modules/rights/controllers/InstallController.php (61)
in /home/cehringfeld/public_html/est/trunk/src/index.php (13)
2013/03/01 21:14:54 [error] [php] include(User.php): failed to open stream: No such file or directory (/home/cehringfeld/public_html/est/trunk/src/framework/YiiBase.php:421)
Stack trace:
#0 /home/cehringfeld/public_html/est/trunk/src/framework/db/ar/CActiveRecord.php(386): spl_autoload_call()
#1 /home/cehringfeld/public_html/est/trunk/src/protected/modules/rights/components/RAuthorizer.php(295): model()
#2 /home/cehringfeld/public_html/est/trunk/src/protected/modules/rights/controllers/InstallController.php(61): RAuthorizer->getSuperusers()
#3 /home/cehringfeld/public_html/est/trunk/src/framework/web/CController.php(1144): InstallController->accessRules()
#4 /home/cehringfeld/public_html/est/trunk/src/framework/web/filters/CInlineFilter.php(58): InstallController->filterAccessControl()
#5 /home/cehringfeld/public_html/est/trunk/src/framework/web/filters/CFilterChain.php(130): CInlineFilter->filter()
#6 /home/cehringfeld/public_html/est/trunk/src/framework/web/CController.php(291): CFilterChain->run()
#7 /home/cehringfeld/public_html/est/trunk/src/framework/web/CController.php(265): InstallController->runActionWithFilters()
#8 /home/cehringfeld/public_html/est/trunk/src/framework/web/CWebApplication.php(282): InstallController->run()
#9 /home/cehringfeld/public_html/est/trunk/src/framework/web/CWebApplication.php(141): CWebApplication->runController()
#10 /home/cehringfeld/public_html/est/trunk/src/framework/base/CApplication.php(169): CWebApplication->processRequest()
#11 /home/cehringfeld/public_html/est/trunk/src/index.php(13): CWebApplication->run()
REQUEST_URI=/~cehringfeld/est/trunk/src/index.php?r=rights
in /home/cehringfeld/public_html/est/trunk/src/protected/modules/rights/components/RAuthorizer.php (295)
in /home/cehringfeld/public_html/est/trunk/src/protected/modules/rights/controllers/InstallController.php (61)
in /home/cehringfeld/public_html/est/trunk/src/index.php (13)
2013/03/01 21:14:55 [error] [php] include(User.php): failed to open stream: No such file or directory (/home/cehringfeld/public_html/est/trunk/src/framework/YiiBase.php:421)
Stack trace:
#0 /home/cehringfeld/public_html/est/trunk/src/framework/db/ar/CActiveRecord.php(386): spl_autoload_call()
#1 /home/cehringfeld/public_html/est/trunk/src/protected/modules/rights/components/RAuthorizer.php(295): model()
#2 /home/cehringfeld/public_html/est/trunk/src/protected/modules/rights/controllers/InstallController.php(61): RAuthorizer->getSuperusers()
#3 /home/cehringfeld/public_html/est/trunk/src/framework/web/CController.php(1144): InstallController->accessRules()
#4 /home/cehringfeld/public_html/est/trunk/src/framework/web/filters/CInlineFilter.php(58): InstallController->filterAccessControl()
#5 /home/cehringfeld/public_html/est/trunk/src/framework/web/filters/CFilterChain.php(130): CInlineFilter->filter()
#6 /home/cehringfeld/public_html/est/trunk/src/framework/web/CController.php(291): CFilterChain->run()
#7 /home/cehringfeld/public_html/est/trunk/src/framework/web/CController.php(265): InstallController->runActionWithFilters()
#8 /home/cehringfeld/public_html/est/trunk/src/framework/web/CWebApplication.php(282): InstallController->run()
#9 /home/cehringfeld/public_html/est/trunk/src/framework/web/CWebApplication.php(141): CWebApplication->runController()
#10 /home/cehringfeld/public_html/est/trunk/src/framework/base/CApplication.php(169): CWebApplication->processRequest()
#11 /home/cehringfeld/public_html/est/trunk/src/index.php(13): CWebApplication->run()
REQUEST_URI=/~cehringfeld/est/trunk/src/index.php?r=rights
in /home/cehringfeld/public_html/est/trunk/src/protected/modules/rights/components/RAuthorizer.php (295)
in /home/cehringfeld/public_html/est/trunk/src/protected/modules/rights/controllers/InstallController.php (61)
in /home/cehringfeld/public_html/est/trunk/src/index.php (13)
2013/03/01 21:14:55 [error] [php] include(User.php): failed to open stream: No such file or directory (/home/cehringfeld/public_html/est/trunk/src/framework/YiiBase.php:421)
Stack trace:
#0 /home/cehringfeld/public_html/est/trunk/src/framework/db/ar/CActiveRecord.php(386): spl_autoload_call()
#1 /home/cehringfeld/public_html/est/trunk/src/protected/modules/rights/components/RAuthorizer.php(295): model()
#2 /home/cehringfeld/public_html/est/trunk/src/protected/modules/rights/controllers/InstallController.php(61): RAuthorizer->getSuperusers()
#3 /home/cehringfeld/public_html/est/trunk/src/framework/web/CController.php(1144): InstallController->accessRules()
#4 /home/cehringfeld/public_html/est/trunk/src/framework/web/filters/CInlineFilter.php(58): InstallController->filterAccessControl()
#5 /home/cehringfeld/public_html/est/trunk/src/framework/web/filters/CFilterChain.php(130): CInlineFilter->filter()
#6 /home/cehringfeld/public_html/est/trunk/src/framework/web/CController.php(291): CFilterChain->run()
#7 /home/cehringfeld/public_html/est/trunk/src/framework/web/CController.php(265): InstallController->runActionWithFilters()
#8 /home/cehringfeld/public_html/est/trunk/src/framework/web/CWebApplication.php(282): InstallController->run()
#9 /home/cehringfeld/public_html/est/trunk/src/framework/web/CWebApplication.php(141): CWebApplication->runController()
#10 /home/cehringfeld/public_html/est/trunk/src/framework/base/CApplication.php(169): CWebApplication->processRequest()
#11 /home/cehringfeld/public_html/est/trunk/src/index.php(13): CWebApplication->run()
REQUEST_URI=/~cehringfeld/est/trunk/src/index.php?r=rights
in /home/cehringfeld/public_html/est/trunk/src/protected/modules/rights/components/RAuthorizer.php (295)
in /home/cehringfeld/public_html/est/trunk/src/protected/modules/rights/controllers/InstallController.php (61)
in /home/cehringfeld/public_html/est/trunk/src/index.php (13)
2013/03/01 21:15:12 [error] [php] include(User.php): failed to open stream: No such file or directory (/home/cehringfeld/public_html/est/trunk/src/framework/YiiBase.php:421)
Stack trace:
#0 /home/cehringfeld/public_html/est/trunk/src/framework/db/ar/CActiveRecord.php(386): spl_autoload_call()
#1 /home/cehringfeld/public_html/est/trunk/src/protected/modules/rights/components/RAuthorizer.php(295): model()
#2 /home/cehringfeld/public_html/est/trunk/src/protected/modules/rights/controllers/InstallController.php(61): RAuthorizer->getSuperusers()
#3 /home/cehringfeld/public_html/est/trunk/src/framework/web/CController.php(1144): InstallController->accessRules()
#4 /home/cehringfeld/public_html/est/trunk/src/framework/web/filters/CInlineFilter.php(58): InstallController->filterAccessControl()
#5 /home/cehringfeld/public_html/est/trunk/src/framework/web/filters/CFilterChain.php(130): CInlineFilter->filter()
#6 /home/cehringfeld/public_html/est/trunk/src/framework/web/CController.php(291): CFilterChain->run()
#7 /home/cehringfeld/public_html/est/trunk/src/framework/web/CController.php(265): InstallController->runActionWithFilters()
#8 /home/cehringfeld/public_html/est/trunk/src/framework/web/CWebApplication.php(282): InstallController->run()
#9 /home/cehringfeld/public_html/est/trunk/src/framework/web/CWebApplication.php(141): CWebApplication->runController()
#10 /home/cehringfeld/public_html/est/trunk/src/framework/base/CApplication.php(169): CWebApplication->processRequest()
#11 /home/cehringfeld/public_html/est/trunk/src/index.php(13): CWebApplication->run()
REQUEST_URI=/~cehringfeld/est/trunk/src/index.php?r=rights
in /home/cehringfeld/public_html/est/trunk/src/protected/modules/rights/components/RAuthorizer.php (295)
in /home/cehringfeld/public_html/est/trunk/src/protected/modules/rights/controllers/InstallController.php (61)
in /home/cehringfeld/public_html/est/trunk/src/index.php (13)
2013/03/01 21:15:13 [error] [php] include(User.php): failed to open stream: No such file or directory (/home/cehringfeld/public_html/est/trunk/src/framework/YiiBase.php:421)
Stack trace:
#0 /home/cehringfeld/public_html/est/trunk/src/framework/db/ar/CActiveRecord.php(386): spl_autoload_call()
#1 /home/cehringfeld/public_html/est/trunk/src/protected/modules/rights/components/RAuthorizer.php(295): model()
#2 /home/cehringfeld/public_html/est/trunk/src/protected/modules/rights/controllers/InstallController.php(61): RAuthorizer->getSuperusers()
#3 /home/cehringfeld/public_html/est/trunk/src/framework/web/CController.php(1144): InstallController->accessRules()
#4 /home/cehringfeld/public_html/est/trunk/src/framework/web/filters/CInlineFilter.php(58): InstallController->filterAccessControl()
#5 /home/cehringfeld/public_html/est/trunk/src/framework/web/filters/CFilterChain.php(130): CInlineFilter->filter()
#6 /home/cehringfeld/public_html/est/trunk/src/framework/web/CController.php(291): CFilterChain->run()
#7 /home/cehringfeld/public_html/est/trunk/src/framework/web/CController.php(265): InstallController->runActionWithFilters()
#8 /home/cehringfeld/public_html/est/trunk/src/framework/web/CWebApplication.php(282): InstallController->run()
#9 /home/cehringfeld/public_html/est/trunk/src/framework/web/CWebApplication.php(141): CWebApplication->runController()
#10 /home/cehringfeld/public_html/est/trunk/src/framework/base/CApplication.php(169): CWebApplication->processRequest()
#11 /home/cehringfeld/public_html/est/trunk/src/index.php(13): CWebApplication->run()
REQUEST_URI=/~cehringfeld/est/trunk/src/index.php?r=rights
in /home/cehringfeld/public_html/est/trunk/src/protected/modules/rights/components/RAuthorizer.php (295)
in /home/cehringfeld/public_html/est/trunk/src/protected/modules/rights/controllers/InstallController.php (61)
in /home/cehringfeld/public_html/est/trunk/src/index.php (13)
2013/03/01 21:15:13 [error] [php] include(User.php): failed to open stream: No such file or directory (/home/cehringfeld/public_html/est/trunk/src/framework/YiiBase.php:421)
Stack trace:
#0 /home/cehringfeld/public_html/est/trunk/src/framework/db/ar/CActiveRecord.php(386): spl_autoload_call()
#1 /home/cehringfeld/public_html/est/trunk/src/protected/modules/rights/components/RAuthorizer.php(295): model()
#2 /home/cehringfeld/public_html/est/trunk/src/protected/modules/rights/controllers/InstallController.php(61): RAuthorizer->getSuperusers()
#3 /home/cehringfeld/public_html/est/trunk/src/framework/web/CController.php(1144): InstallController->accessRules()
#4 /home/cehringfeld/public_html/est/trunk/src/framework/web/filters/CInlineFilter.php(58): InstallController->filterAccessControl()
#5 /home/cehringfeld/public_html/est/trunk/src/framework/web/filters/CFilterChain.php(130): CInlineFilter->filter()
#6 /home/cehringfeld/public_html/est/trunk/src/framework/web/CController.php(291): CFilterChain->run()
#7 /home/cehringfeld/public_html/est/trunk/src/framework/web/CController.php(265): InstallController->runActionWithFilters()
#8 /home/cehringfeld/public_html/est/trunk/src/framework/web/CWebApplication.php(282): InstallController->run()
#9 /home/cehringfeld/public_html/est/trunk/src/framework/web/CWebApplication.php(141): CWebApplication->runController()
#10 /home/cehringfeld/public_html/est/trunk/src/framework/base/CApplication.php(169): CWebApplication->processRequest()
#11 /home/cehringfeld/public_html/est/trunk/src/index.php(13): CWebApplication->run()
REQUEST_URI=/~cehringfeld/est/trunk/src/index.php?r=rights
in /home/cehringfeld/public_html/est/trunk/src/protected/modules/rights/components/RAuthorizer.php (295)
in /home/cehringfeld/public_html/est/trunk/src/protected/modules/rights/controllers/InstallController.php (61)
in /home/cehringfeld/public_html/est/trunk/src/index.php (13)
2013/03/01 21:15:13 [error] [php] include(User.php): failed to open stream: No such file or directory (/home/cehringfeld/public_html/est/trunk/src/framework/YiiBase.php:421)
Stack trace:
#0 /home/cehringfeld/public_html/est/trunk/src/framework/db/ar/CActiveRecord.php(386): spl_autoload_call()
#1 /home/cehringfeld/public_html/est/trunk/src/protected/modules/rights/components/RAuthorizer.php(295): model()
#2 /home/cehringfeld/public_html/est/trunk/src/protected/modules/rights/controllers/InstallController.php(61): RAuthorizer->getSuperusers()
#3 /home/cehringfeld/public_html/est/trunk/src/framework/web/CController.php(1144): InstallController->accessRules()
#4 /home/cehringfeld/public_html/est/trunk/src/framework/web/filters/CInlineFilter.php(58): InstallController->filterAccessControl()
#5 /home/cehringfeld/public_html/est/trunk/src/framework/web/filters/CFilterChain.php(130): CInlineFilter->filter()
#6 /home/cehringfeld/public_html/est/trunk/src/framework/web/CController.php(291): CFilterChain->run()
#7 /home/cehringfeld/public_html/est/trunk/src/framework/web/CController.php(265): InstallController->runActionWithFilters()
#8 /home/cehringfeld/public_html/est/trunk/src/framework/web/CWebApplication.php(282): InstallController->run()
#9 /home/cehringfeld/public_html/est/trunk/src/framework/web/CWebApplication.php(141): CWebApplication->runController()
#10 /home/cehringfeld/public_html/est/trunk/src/framework/base/CApplication.php(169): CWebApplication->processRequest()
#11 /home/cehringfeld/public_html/est/trunk/src/index.php(13): CWebApplication->run()
REQUEST_URI=/~cehringfeld/est/trunk/src/index.php?r=rights
in /home/cehringfeld/public_html/est/trunk/src/protected/modules/rights/components/RAuthorizer.php (295)
in /home/cehringfeld/public_html/est/trunk/src/protected/modules/rights/controllers/InstallController.php (61)
in /home/cehringfeld/public_html/est/trunk/src/index.php (13)
2013/03/01 21:15:14 [error] [php] include(User.php): failed to open stream: No such file or directory (/home/cehringfeld/public_html/est/trunk/src/framework/YiiBase.php:421)
Stack trace:
#0 /home/cehringfeld/public_html/est/trunk/src/framework/db/ar/CActiveRecord.php(386): spl_autoload_call()
#1 /home/cehringfeld/public_html/est/trunk/src/protected/modules/rights/components/RAuthorizer.php(295): model()
#2 /home/cehringfeld/public_html/est/trunk/src/protected/modules/rights/controllers/InstallController.php(61): RAuthorizer->getSuperusers()
#3 /home/cehringfeld/public_html/est/trunk/src/framework/web/CController.php(1144): InstallController->accessRules()
#4 /home/cehringfeld/public_html/est/trunk/src/framework/web/filters/CInlineFilter.php(58): InstallController->filterAccessControl()
#5 /home/cehringfeld/public_html/est/trunk/src/framework/web/filters/CFilterChain.php(130): CInlineFilter->filter()
#6 /home/cehringfeld/public_html/est/trunk/src/framework/web/CController.php(291): CFilterChain->run()
#7 /home/cehringfeld/public_html/est/trunk/src/framework/web/CController.php(265): InstallController->runActionWithFilters()
#8 /home/cehringfeld/public_html/est/trunk/src/framework/web/CWebApplication.php(282): InstallController->run()
#9 /home/cehringfeld/public_html/est/trunk/src/framework/web/CWebApplication.php(141): CWebApplication->runController()
#10 /home/cehringfeld/public_html/est/trunk/src/framework/base/CApplication.php(169): CWebApplication->processRequest()
#11 /home/cehringfeld/public_html/est/trunk/src/index.php(13): CWebApplication->run()
REQUEST_URI=/~cehringfeld/est/trunk/src/index.php?r=rights
in /home/cehringfeld/public_html/est/trunk/src/protected/modules/rights/components/RAuthorizer.php (295)
in /home/cehringfeld/public_html/est/trunk/src/protected/modules/rights/controllers/InstallController.php (61)
in /home/cehringfeld/public_html/est/trunk/src/index.php (13)
2013/03/01 21:15:14 [error] [php] include(User.php): failed to open stream: No such file or directory (/home/cehringfeld/public_html/est/trunk/src/framework/YiiBase.php:421)
Stack trace:
#0 /home/cehringfeld/public_html/est/trunk/src/framework/db/ar/CActiveRecord.php(386): spl_autoload_call()
#1 /home/cehringfeld/public_html/est/trunk/src/protected/modules/rights/components/RAuthorizer.php(295): model()
#2 /home/cehringfeld/public_html/est/trunk/src/protected/modules/rights/controllers/InstallController.php(61): RAuthorizer->getSuperusers()
#3 /home/cehringfeld/public_html/est/trunk/src/framework/web/CController.php(1144): InstallController->accessRules()
#4 /home/cehringfeld/public_html/est/trunk/src/framework/web/filters/CInlineFilter.php(58): InstallController->filterAccessControl()
#5 /home/cehringfeld/public_html/est/trunk/src/framework/web/filters/CFilterChain.php(130): CInlineFilter->filter()
#6 /home/cehringfeld/public_html/est/trunk/src/framework/web/CController.php(291): CFilterChain->run()
#7 /home/cehringfeld/public_html/est/trunk/src/framework/web/CController.php(265): InstallController->runActionWithFilters()
#8 /home/cehringfeld/public_html/est/trunk/src/framework/web/CWebApplication.php(282): InstallController->run()
#9 /home/cehringfeld/public_html/est/trunk/src/framework/web/CWebApplication.php(141): CWebApplication->runController()
#10 /home/cehringfeld/public_html/est/trunk/src/framework/base/CApplication.php(169): CWebApplication->processRequest()
#11 /home/cehringfeld/public_html/est/trunk/src/index.php(13): CWebApplication->run()
REQUEST_URI=/~cehringfeld/est/trunk/src/index.php?r=rights
in /home/cehringfeld/public_html/est/trunk/src/protected/modules/rights/components/RAuthorizer.php (295)
in /home/cehringfeld/public_html/est/trunk/src/protected/modules/rights/controllers/InstallController.php (61)
in /home/cehringfeld/public_html/est/trunk/src/index.php (13)
2013/03/01 21:15:14 [error] [php] include(User.php): failed to open stream: No such file or directory (/home/cehringfeld/public_html/est/trunk/src/framework/YiiBase.php:421)
Stack trace:
#0 /home/cehringfeld/public_html/est/trunk/src/framework/db/ar/CActiveRecord.php(386): spl_autoload_call()
#1 /home/cehringfeld/public_html/est/trunk/src/protected/modules/rights/components/RAuthorizer.php(295): model()
#2 /home/cehringfeld/public_html/est/trunk/src/protected/modules/rights/controllers/InstallController.php(61): RAuthorizer->getSuperusers()
#3 /home/cehringfeld/public_html/est/trunk/src/framework/web/CController.php(1144): InstallController->accessRules()
#4 /home/cehringfeld/public_html/est/trunk/src/framework/web/filters/CInlineFilter.php(58): InstallController->filterAccessControl()
#5 /home/cehringfeld/public_html/est/trunk/src/framework/web/filters/CFilterChain.php(130): CInlineFilter->filter()
#6 /home/cehringfeld/public_html/est/trunk/src/framework/web/CController.php(291): CFilterChain->run()
#7 /home/cehringfeld/public_html/est/trunk/src/framework/web/CController.php(265): InstallController->runActionWithFilters()
#8 /home/cehringfeld/public_html/est/trunk/src/framework/web/CWebApplication.php(282): InstallController->run()
#9 /home/cehringfeld/public_html/est/trunk/src/framework/web/CWebApplication.php(141): CWebApplication->runController()
#10 /home/cehringfeld/public_html/est/trunk/src/framework/base/CApplication.php(169): CWebApplication->processRequest()
#11 /home/cehringfeld/public_html/est/trunk/src/index.php(13): CWebApplication->run()
REQUEST_URI=/~cehringfeld/est/trunk/src/index.php?r=rights
in /home/cehringfeld/public_html/est/trunk/src/protected/modules/rights/components/RAuthorizer.php (295)
in /home/cehringfeld/public_html/est/trunk/src/protected/modules/rights/controllers/InstallController.php (61)
in /home/cehringfeld/public_html/est/trunk/src/index.php (13)
2013/03/01 21:15:32 [error] [php] include(User.php): failed to open stream: No such file or directory (/home/cehringfeld/public_html/est/trunk/src/framework/YiiBase.php:421)
Stack trace:
#0 /home/cehringfeld/public_html/est/trunk/src/framework/db/ar/CActiveRecord.php(386): spl_autoload_call()
#1 /home/cehringfeld/public_html/est/trunk/src/protected/modules/rights/components/RAuthorizer.php(295): model()
#2 /home/cehringfeld/public_html/est/trunk/src/protected/modules/rights/controllers/InstallController.php(61): RAuthorizer->getSuperusers()
#3 /home/cehringfeld/public_html/est/trunk/src/framework/web/CController.php(1144): InstallController->accessRules()
#4 /home/cehringfeld/public_html/est/trunk/src/framework/web/filters/CInlineFilter.php(58): InstallController->filterAccessControl()
#5 /home/cehringfeld/public_html/est/trunk/src/framework/web/filters/CFilterChain.php(130): CInlineFilter->filter()
#6 /home/cehringfeld/public_html/est/trunk/src/framework/web/CController.php(291): CFilterChain->run()
#7 /home/cehringfeld/public_html/est/trunk/src/framework/web/CController.php(265): InstallController->runActionWithFilters()
#8 /home/cehringfeld/public_html/est/trunk/src/framework/web/CWebApplication.php(282): InstallController->run()
#9 /home/cehringfeld/public_html/est/trunk/src/framework/web/CWebApplication.php(141): CWebApplication->runController()
#10 /home/cehringfeld/public_html/est/trunk/src/framework/base/CApplication.php(169): CWebApplication->processRequest()
#11 /home/cehringfeld/public_html/est/trunk/src/index.php(13): CWebApplication->run()
REQUEST_URI=/~cehringfeld/est/trunk/src/index.php?r=rights
in /home/cehringfeld/public_html/est/trunk/src/protected/modules/rights/components/RAuthorizer.php (295)
in /home/cehringfeld/public_html/est/trunk/src/protected/modules/rights/controllers/InstallController.php (61)
in /home/cehringfeld/public_html/est/trunk/src/index.php (13)
2013/03/02 15:00:53 [error] [php] include(UserLoginStats.php): failed to open stream: No such file or directory (/home/cehringfeld/public_html/est/trunk/src/framework/YiiBase.php:421)
Stack trace:
#0 /home/cehringfeld/public_html/est/trunk/src/protected/components/NewWebUser.php(36): spl_autoload_call()
#1 /home/cehringfeld/public_html/est/trunk/src/framework/web/auth/CWebUser.php(225): NewWebUser->beforeLogin()
#2 /home/cehringfeld/public_html/est/trunk/src/protected/modules/user/models/UserLogin.php(57): NewWebUser->login()
#3 /home/cehringfeld/public_html/est/trunk/src/framework/validators/CInlineValidator.php(42): UserLogin->authenticate()
#4 /home/cehringfeld/public_html/est/trunk/src/framework/validators/CValidator.php(213): CInlineValidator->validateAttribute()
#5 /home/cehringfeld/public_html/est/trunk/src/framework/base/CModel.php(159): CInlineValidator->validate()
#6 /home/cehringfeld/public_html/est/trunk/src/protected/modules/user/controllers/LoginController.php(19): UserLogin->validate()
#7 /home/cehringfeld/public_html/est/trunk/src/framework/web/actions/CInlineAction.php(49): LoginController->actionLogin()
#8 /home/cehringfeld/public_html/est/trunk/src/framework/web/CController.php(308): CInlineAction->runWithParams()
#9 /home/cehringfeld/public_html/est/trunk/src/framework/web/CController.php(286): LoginController->runAction()
#10 /home/cehringfeld/public_html/est/trunk/src/framework/web/CController.php(265): LoginController->runActionWithFilters()
#11 /home/cehringfeld/public_html/est/trunk/src/framework/web/CWebApplication.php(282): LoginController->run()
#12 /home/cehringfeld/public_html/est/trunk/src/framework/web/CWebApplication.php(141): CWebApplication->runController()
#13 /home/cehringfeld/public_html/est/trunk/src/framework/base/CApplication.php(169): CWebApplication->processRequest()
#14 /home/cehringfeld/public_html/est/trunk/src/index.php(13): CWebApplication->run()
REQUEST_URI=/~cehringfeld/est/trunk/src/index.php?r=user/login
in /home/cehringfeld/public_html/est/trunk/src/protected/components/NewWebUser.php (36)
in /home/cehringfeld/public_html/est/trunk/src/protected/modules/user/models/UserLogin.php (57)
in /home/cehringfeld/public_html/est/trunk/src/protected/modules/user/controllers/LoginController.php (19)
2013/03/02 15:11:31 [error] [exception.CException] exception 'CException' with message 'Eigenschaft "NewWebUser.getIsSuperuser ist nicht definiert.' in /home/cehringfeld/public_html/est/trunk/src/framework/base/CComponent.php:130
Stack trace:
#0 /home/cehringfeld/public_html/est/trunk/src/framework/web/auth/CWebUser.php(140): CComponent->__get('getIsSuperuser')
#1 /home/cehringfeld/public_html/est/trunk/src/protected/views/layouts/main.php(71): CWebUser->__get('getIsSuperuser')
#2 /home/cehringfeld/public_html/est/trunk/src/framework/web/CBaseController.php(126): require('/home/cehringfe...')
#3 /home/cehringfeld/public_html/est/trunk/src/framework/web/CBaseController.php(95): CBaseController->renderInternal('/home/cehringfe...', Array, true)
#4 /home/cehringfeld/public_html/est/trunk/src/framework/web/widgets/CContentDecorator.php(76): CBaseController->renderFile('/home/cehringfe...', Array, true)
#5 /home/cehringfeld/public_html/est/trunk/src/framework/web/widgets/CContentDecorator.php(54): CContentDecorator->decorate('<div id="conten...')
#6 /home/cehringfeld/public_html/est/trunk/src/framework/web/widgets/COutputProcessor.php(44): CContentDecorator->processOutput('<div id="conten...')
#7 /home/cehringfeld/public_html/est/trunk/src/framework/web/CBaseController.php(206): COutputProcessor->run()
#8 /home/cehringfeld/public_html/est/trunk/src/framework/web/CBaseController.php(300): CBaseController->endWidget('CContentDecorat...')
#9 /home/cehringfeld/public_html/est/trunk/src/protected/views/layouts/column1.php(6): CBaseController->endContent()
#10 /home/cehringfeld/public_html/est/trunk/src/framework/web/CBaseController.php(126): require('/home/cehringfe...')
#11 /home/cehringfeld/public_html/est/trunk/src/framework/web/CBaseController.php(95): CBaseController->renderInternal('/home/cehringfe...', Array, true)
#12 /home/cehringfeld/public_html/est/trunk/src/framework/web/CController.php(784): CBaseController->renderFile('/home/cehringfe...', Array, true)
#13 /home/cehringfeld/public_html/est/trunk/src/protected/controllers/SiteController.php(32): CController->render('index')
#14 /home/cehringfeld/public_html/est/trunk/src/framework/web/actions/CInlineAction.php(49): SiteController->actionIndex()
#15 /home/cehringfeld/public_html/est/trunk/src/framework/web/CController.php(308): CInlineAction->runWithParams(Array)
#16 /home/cehringfeld/public_html/est/trunk/src/framework/web/CController.php(286): CController->runAction(Object(CInlineAction))
#17 /home/cehringfeld/public_html/est/trunk/src/framework/web/CController.php(265): CController->runActionWithFilters(Object(CInlineAction), Array)
#18 /home/cehringfeld/public_html/est/trunk/src/framework/web/CWebApplication.php(282): CController->run('index')
#19 /home/cehringfeld/public_html/est/trunk/src/framework/web/CWebApplication.php(141): CWebApplication->runController('site/index')
#20 /home/cehringfeld/public_html/est/trunk/src/framework/base/CApplication.php(169): CWebApplication->processRequest()
#21 /home/cehringfeld/public_html/est/trunk/src/index.php(13): CApplication->run()
#22 {main}
REQUEST_URI=/~cehringfeld/est/trunk/src/index.php?r=site/index
HTTP_REFERER=http://localhost/~cehringfeld/est/trunk/src/index.php?r=user/login
---
2013/03/02 15:17:26 [trace] [system.CModule] Loading "log" application component
in /home/cehringfeld/public_html/est/trunk/src/index.php (13)
2013/03/02 15:17:26 [trace] [system.CModule] Loading "request" application component
in /home/cehringfeld/public_html/est/trunk/src/index.php (13)
2013/03/02 15:17:26 [trace] [system.CModule] Loading "urlManager" application component
in /home/cehringfeld/public_html/est/trunk/src/index.php (13)
2013/03/02 15:17:26 [trace] [system.CModule] Loading "widgetFactory" application component
in /home/cehringfeld/public_html/est/trunk/src/protected/views/layouts/column1.php (2)
in /home/cehringfeld/public_html/est/trunk/src/protected/controllers/SiteController.php (32)
in /home/cehringfeld/public_html/est/trunk/src/index.php (13)
2013/03/02 15:17:26 [trace] [system.CModule] Loading "coreMessages" application component
in /home/cehringfeld/public_html/est/trunk/src/protected/views/layouts/main.php (46)
in /home/cehringfeld/public_html/est/trunk/src/protected/views/layouts/column1.php (6)
in /home/cehringfeld/public_html/est/trunk/src/protected/controllers/SiteController.php (32)
2013/03/02 15:17:26 [trace] [system.CModule] Loading "user" application component
in /home/cehringfeld/public_html/est/trunk/src/protected/views/layouts/main.php (71)
in /home/cehringfeld/public_html/est/trunk/src/protected/views/layouts/column1.php (6)
in /home/cehringfeld/public_html/est/trunk/src/protected/controllers/SiteController.php (32)
2013/03/02 15:17:26 [trace] [system.CModule] Loading "session" application component
in /home/cehringfeld/public_html/est/trunk/src/protected/views/layouts/main.php (71)
in /home/cehringfeld/public_html/est/trunk/src/protected/views/layouts/column1.php (6)
in /home/cehringfeld/public_html/est/trunk/src/protected/controllers/SiteController.php (32)
2013/03/02 15:17:26 [trace] [system.CModule] Loading "clientScript" application component
in /home/cehringfeld/public_html/est/trunk/src/protected/controllers/SiteController.php (32)
in /home/cehringfeld/public_html/est/trunk/src/index.php (13)
2013/03/02 15:17:29 [trace] [system.CModule] Loading "log" application component
in /home/cehringfeld/public_html/est/trunk/src/index.php (13)
2013/03/02 15:17:29 [trace] [system.CModule] Loading "request" application component
in /home/cehringfeld/public_html/est/trunk/src/index.php (13)
2013/03/02 15:17:29 [trace] [system.CModule] Loading "urlManager" application component
in /home/cehringfeld/public_html/est/trunk/src/index.php (13)
2013/03/02 15:17:29 [trace] [system.CModule] Loading "widgetFactory" application component
in /home/cehringfeld/public_html/est/trunk/src/protected/views/layouts/column1.php (2)
in /home/cehringfeld/public_html/est/trunk/src/protected/controllers/SiteController.php (32)
in /home/cehringfeld/public_html/est/trunk/src/index.php (13)
2013/03/02 15:17:29 [trace] [system.CModule] Loading "coreMessages" application component
in /home/cehringfeld/public_html/est/trunk/src/protected/views/layouts/main.php (46)
in /home/cehringfeld/public_html/est/trunk/src/protected/views/layouts/column1.php (6)
in /home/cehringfeld/public_html/est/trunk/src/protected/controllers/SiteController.php (32)
2013/03/02 15:17:29 [trace] [system.CModule] Loading "user" application component
in /home/cehringfeld/public_html/est/trunk/src/protected/views/layouts/main.php (71)
in /home/cehringfeld/public_html/est/trunk/src/protected/views/layouts/column1.php (6)
in /home/cehringfeld/public_html/est/trunk/src/protected/controllers/SiteController.php (32)
2013/03/02 15:17:29 [trace] [system.CModule] Loading "session" application component
in /home/cehringfeld/public_html/est/trunk/src/protected/views/layouts/main.php (71)
in /home/cehringfeld/public_html/est/trunk/src/protected/views/layouts/column1.php (6)
in /home/cehringfeld/public_html/est/trunk/src/protected/controllers/SiteController.php (32)
2013/03/02 15:17:29 [trace] [system.CModule] Loading "clientScript" application component
in /home/cehringfeld/public_html/est/trunk/src/protected/controllers/SiteController.php (32)
in /home/cehringfeld/public_html/est/trunk/src/index.php (13)
2013/03/02 15:17:33 [trace] [system.CModule] Loading "log" application component
in /home/cehringfeld/public_html/est/trunk/src/index.php (13)
2013/03/02 15:17:33 [trace] [system.CModule] Loading "request" application component
in /home/cehringfeld/public_html/est/trunk/src/index.php (13)
2013/03/02 15:17:33 [trace] [system.CModule] Loading "urlManager" application component
in /home/cehringfeld/public_html/est/trunk/src/index.php (13)
2013/03/02 15:17:33 [trace] [system.CModule] Loading "widgetFactory" application component
in /home/cehringfeld/public_html/est/trunk/src/protected/views/layouts/column1.php (2)
in /home/cehringfeld/public_html/est/trunk/src/protected/controllers/SiteController.php (32)
in /home/cehringfeld/public_html/est/trunk/src/index.php (13)
2013/03/02 15:17:33 [trace] [system.CModule] Loading "coreMessages" application component
in /home/cehringfeld/public_html/est/trunk/src/protected/views/layouts/main.php (46)
in /home/cehringfeld/public_html/est/trunk/src/protected/views/layouts/column1.php (6)
in /home/cehringfeld/public_html/est/trunk/src/protected/controllers/SiteController.php (32)
2013/03/02 15:17:33 [trace] [system.CModule] Loading "user" application component
in /home/cehringfeld/public_html/est/trunk/src/protected/views/layouts/main.php (71)
in /home/cehringfeld/public_html/est/trunk/src/protected/views/layouts/column1.php (6)
in /home/cehringfeld/public_html/est/trunk/src/protected/controllers/SiteController.php (32)
2013/03/02 15:17:33 [trace] [system.CModule] Loading "session" application component
in /home/cehringfeld/public_html/est/trunk/src/protected/views/layouts/main.php (71)
in /home/cehringfeld/public_html/est/trunk/src/protected/views/layouts/column1.php (6)
in /home/cehringfeld/public_html/est/trunk/src/protected/controllers/SiteController.php (32)
2013/03/02 15:17:33 [trace] [system.CModule] Loading "clientScript" application component
in /home/cehringfeld/public_html/est/trunk/src/protected/controllers/SiteController.php (32)
in /home/cehringfeld/public_html/est/trunk/src/index.php (13)
2013/03/02 15:17:41 [trace] [system.CModule] Loading "log" application component
in /home/cehringfeld/public_html/est/trunk/src/index.php (13)
2013/03/02 15:17:42 [trace] [system.CModule] Loading "request" application component
in /home/cehringfeld/public_html/est/trunk/src/index.php (13)
2013/03/02 15:17:42 [trace] [system.CModule] Loading "urlManager" application component
in /home/cehringfeld/public_html/est/trunk/src/index.php (13)
2013/03/02 15:17:42 [trace] [system.CModule] Loading "widgetFactory" application component
in /home/cehringfeld/public_html/est/trunk/src/protected/views/layouts/column1.php (2)
in /home/cehringfeld/public_html/est/trunk/src/protected/controllers/SiteController.php (32)
in /home/cehringfeld/public_html/est/trunk/src/index.php (13)
2013/03/02 15:17:42 [trace] [system.CModule] Loading "coreMessages" application component
in /home/cehringfeld/public_html/est/trunk/src/protected/views/layouts/main.php (46)
in /home/cehringfeld/public_html/est/trunk/src/protected/views/layouts/column1.php (6)
in /home/cehringfeld/public_html/est/trunk/src/protected/controllers/SiteController.php (32)
2013/03/02 15:17:42 [trace] [system.CModule] Loading "user" application component
in /home/cehringfeld/public_html/est/trunk/src/protected/views/layouts/main.php (71)
in /home/cehringfeld/public_html/est/trunk/src/protected/views/layouts/column1.php (6)
in /home/cehringfeld/public_html/est/trunk/src/protected/controllers/SiteController.php (32)
2013/03/02 15:17:42 [trace] [system.CModule] Loading "session" application component
in /home/cehringfeld/public_html/est/trunk/src/protected/views/layouts/main.php (71)
in /home/cehringfeld/public_html/est/trunk/src/protected/views/layouts/column1.php (6)
in /home/cehringfeld/public_html/est/trunk/src/protected/controllers/SiteController.php (32)
2013/03/02 15:17:42 [trace] [system.CModule] Loading "clientScript" application component
in /home/cehringfeld/public_html/est/trunk/src/protected/controllers/SiteController.php (32)
in /home/cehringfeld/public_html/est/trunk/src/index.php (13)
2013/03/02 15:19:45 [trace] [system.CModule] Loading "log" application component
in /home/cehringfeld/public_html/est/trunk/src/index.php (13)
2013/03/02 15:19:45 [trace] [system.CModule] Loading "request" application component
in /home/cehringfeld/public_html/est/trunk/src/index.php (13)
2013/03/02 15:19:45 [trace] [system.CModule] Loading "urlManager" application component
in /home/cehringfeld/public_html/est/trunk/src/index.php (13)
2013/03/02 15:19:45 [trace] [system.CModule] Loading "widgetFactory" application component
in /home/cehringfeld/public_html/est/trunk/src/protected/views/layouts/column1.php (2)
in /home/cehringfeld/public_html/est/trunk/src/protected/controllers/SiteController.php (32)
in /home/cehringfeld/public_html/est/trunk/src/index.php (13)
2013/03/02 15:19:45 [trace] [system.CModule] Loading "coreMessages" application component
in /home/cehringfeld/public_html/est/trunk/src/protected/views/layouts/main.php (46)
in /home/cehringfeld/public_html/est/trunk/src/protected/views/layouts/column1.php (6)
in /home/cehringfeld/public_html/est/trunk/src/protected/controllers/SiteController.php (32)
2013/03/02 15:19:45 [trace] [system.CModule] Loading "user" application component
in /home/cehringfeld/public_html/est/trunk/src/protected/views/layouts/main.php (71)
in /home/cehringfeld/public_html/est/trunk/src/protected/views/layouts/column1.php (6)
in /home/cehringfeld/public_html/est/trunk/src/protected/controllers/SiteController.php (32)
2013/03/02 15:19:45 [trace] [system.CModule] Loading "session" application component
in /home/cehringfeld/public_html/est/trunk/src/protected/views/layouts/main.php (71)
in /home/cehringfeld/public_html/est/trunk/src/protected/views/layouts/column1.php (6)
in /home/cehringfeld/public_html/est/trunk/src/protected/controllers/SiteController.php (32)
2013/03/02 15:19:45 [trace] [system.CModule] Loading "clientScript" application component
in /home/cehringfeld/public_html/est/trunk/src/protected/controllers/SiteController.php (32)
in /home/cehringfeld/public_html/est/trunk/src/index.php (13)
2013/03/02 15:19:45 [trace] [system.CModule] Loading "log" application component
in /home/cehringfeld/public_html/est/trunk/src/index.php (13)
2013/03/02 15:19:45 [trace] [system.CModule] Loading "request" application component
in /home/cehringfeld/public_html/est/trunk/src/index.php (13)
2013/03/02 15:19:45 [trace] [system.CModule] Loading "urlManager" application component
in /home/cehringfeld/public_html/est/trunk/src/index.php (13)
2013/03/02 15:19:45 [trace] [system.CModule] Loading "widgetFactory" application component
in /home/cehringfeld/public_html/est/trunk/src/protected/views/layouts/column1.php (2)
in /home/cehringfeld/public_html/est/trunk/src/protected/controllers/SiteController.php (32)
in /home/cehringfeld/public_html/est/trunk/src/index.php (13)
2013/03/02 15:19:45 [trace] [system.CModule] Loading "coreMessages" application component
in /home/cehringfeld/public_html/est/trunk/src/protected/views/layouts/main.php (46)
in /home/cehringfeld/public_html/est/trunk/src/protected/views/layouts/column1.php (6)
in /home/cehringfeld/public_html/est/trunk/src/protected/controllers/SiteController.php (32)
2013/03/02 15:19:45 [trace] [system.CModule] Loading "user" application component
in /home/cehringfeld/public_html/est/trunk/src/protected/views/layouts/main.php (71)
in /home/cehringfeld/public_html/est/trunk/src/protected/views/layouts/column1.php (6)
in /home/cehringfeld/public_html/est/trunk/src/protected/controllers/SiteController.php (32)
2013/03/02 15:19:45 [trace] [system.CModule] Loading "session" application component
in /home/cehringfeld/public_html/est/trunk/src/protected/views/layouts/main.php (71)
in /home/cehringfeld/public_html/est/trunk/src/protected/views/layouts/column1.php (6)
in /home/cehringfeld/public_html/est/trunk/src/protected/controllers/SiteController.php (32)
2013/03/02 15:19:45 [trace] [system.CModule] Loading "clientScript" application component
in /home/cehringfeld/public_html/est/trunk/src/protected/controllers/SiteController.php (32)
in /home/cehringfeld/public_html/est/trunk/src/index.php (13)
2013/03/02 15:19:48 [trace] [system.CModule] Loading "log" application component
in /home/cehringfeld/public_html/est/trunk/src/index.php (13)
2013/03/02 15:19:48 [trace] [system.CModule] Loading "request" application component
in /home/cehringfeld/public_html/est/trunk/src/index.php (13)
2013/03/02 15:19:48 [trace] [system.CModule] Loading "urlManager" application component
in /home/cehringfeld/public_html/est/trunk/src/index.php (13)
2013/03/02 15:19:48 [trace] [system.CModule] Loading "widgetFactory" application component
in /home/cehringfeld/public_html/est/trunk/src/protected/views/layouts/column1.php (2)
in /home/cehringfeld/public_html/est/trunk/src/protected/controllers/SiteController.php (32)
in /home/cehringfeld/public_html/est/trunk/src/index.php (13)
2013/03/02 15:19:48 [trace] [system.CModule] Loading "coreMessages" application component
in /home/cehringfeld/public_html/est/trunk/src/protected/views/layouts/main.php (46)
in /home/cehringfeld/public_html/est/trunk/src/protected/views/layouts/column1.php (6)
in /home/cehringfeld/public_html/est/trunk/src/protected/controllers/SiteController.php (32)
2013/03/02 15:19:48 [trace] [system.CModule] Loading "user" application component
in /home/cehringfeld/public_html/est/trunk/src/protected/views/layouts/main.php (71)
in /home/cehringfeld/public_html/est/trunk/src/protected/views/layouts/column1.php (6)
in /home/cehringfeld/public_html/est/trunk/src/protected/controllers/SiteController.php (32)
2013/03/02 15:19:48 [trace] [system.CModule] Loading "session" application component
in /home/cehringfeld/public_html/est/trunk/src/protected/views/layouts/main.php (71)
in /home/cehringfeld/public_html/est/trunk/src/protected/views/layouts/column1.php (6)
in /home/cehringfeld/public_html/est/trunk/src/protected/controllers/SiteController.php (32)
2013/03/02 15:19:48 [trace] [system.CModule] Loading "clientScript" application component
in /home/cehringfeld/public_html/est/trunk/src/protected/controllers/SiteController.php (32)
in /home/cehringfeld/public_html/est/trunk/src/index.php (13)
