2014/09/06 14:51:48 [error] [exception.ReflectionException] exception 'ReflectionException' with message 'Property mailsActivated does not exist' in /home/cehringfeld/public_html/esta/protected/controllers/SiteController.php:79
Stack trace:
#0 /home/cehringfeld/public_html/esta/protected/controllers/SiteController.php(79): ReflectionClass->getProperty('mailsActivated')
#1 /home/cehringfeld/public_html/esta/framework/web/actions/CInlineAction.php(49): SiteController->actionConfig()
#2 /home/cehringfeld/public_html/esta/framework/web/CController.php(308): CInlineAction->runWithParams(Array)
#3 /home/cehringfeld/public_html/esta/framework/web/CController.php(286): CController->runAction(Object(CInlineAction))
#4 /home/cehringfeld/public_html/esta/framework/web/CController.php(265): CController->runActionWithFilters(Object(CInlineAction), Array)
#5 /home/cehringfeld/public_html/esta/framework/web/CWebApplication.php(282): CController->run('config')
#6 /home/cehringfeld/public_html/esta/framework/web/CWebApplication.php(141): CWebApplication->runController('site/config')
#7 /home/cehringfeld/public_html/esta/framework/base/CApplication.php(180): CWebApplication->processRequest()
#8 /home/cehringfeld/public_html/esta/index.php(36): CApplication->run()
#9 {main}
REQUEST_URI=/~cehringfeld/esta/index.php?r=site/config
---
2014/09/06 14:52:23 [error] [php] Undefined variable: optionsMails (/home/cehringfeld/public_html/esta/protected/views/site/config.php:383)
Stack trace:
#0 /home/cehringfeld/public_html/esta/framework/web/CController.php(869): SiteController->renderFile()
#1 /home/cehringfeld/public_html/esta/framework/web/CController.php(782): SiteController->renderPartial()
#2 /home/cehringfeld/public_html/esta/protected/controllers/SiteController.php(91): SiteController->render()
#3 /home/cehringfeld/public_html/esta/framework/web/actions/CInlineAction.php(49): SiteController->actionConfig()
#4 /home/cehringfeld/public_html/esta/framework/web/CController.php(308): CInlineAction->runWithParams()
#5 /home/cehringfeld/public_html/esta/framework/web/CController.php(286): SiteController->runAction()
#6 /home/cehringfeld/public_html/esta/framework/web/CController.php(265): SiteController->runActionWithFilters()
#7 /home/cehringfeld/public_html/esta/framework/web/CWebApplication.php(282): SiteController->run()
#8 /home/cehringfeld/public_html/esta/framework/web/CWebApplication.php(141): CWebApplication->runController()
#9 /home/cehringfeld/public_html/esta/framework/base/CApplication.php(180): CWebApplication->processRequest()
#10 /home/cehringfeld/public_html/esta/index.php(36): CWebApplication->run()
REQUEST_URI=/~cehringfeld/esta/index.php?r=site/config
2014/09/06 14:52:25 [error] [php] Undefined variable: optionsMails (/home/cehringfeld/public_html/esta/protected/views/site/config.php:383)
Stack trace:
#0 /home/cehringfeld/public_html/esta/framework/web/CController.php(869): SiteController->renderFile()
#1 /home/cehringfeld/public_html/esta/framework/web/CController.php(782): SiteController->renderPartial()
#2 /home/cehringfeld/public_html/esta/protected/controllers/SiteController.php(91): SiteController->render()
#3 /home/cehringfeld/public_html/esta/framework/web/actions/CInlineAction.php(49): SiteController->actionConfig()
#4 /home/cehringfeld/public_html/esta/framework/web/CController.php(308): CInlineAction->runWithParams()
#5 /home/cehringfeld/public_html/esta/framework/web/CController.php(286): SiteController->runAction()
#6 /home/cehringfeld/public_html/esta/framework/web/CController.php(265): SiteController->runActionWithFilters()
#7 /home/cehringfeld/public_html/esta/framework/web/CWebApplication.php(282): SiteController->run()
#8 /home/cehringfeld/public_html/esta/framework/web/CWebApplication.php(141): CWebApplication->runController()
#9 /home/cehringfeld/public_html/esta/framework/base/CApplication.php(180): CWebApplication->processRequest()
#10 /home/cehringfeld/public_html/esta/index.php(36): CWebApplication->run()
REQUEST_URI=/~cehringfeld/esta/index.php?r=site/config
